CRITICAL - 2024-12-29 19:03:21 --> CodeIgniter\Session\Exceptions\SessionException: Session: Configured save path "C:\xampp\htdocs\code-5\writable\session" is not writable by the PHP process.
[Method: GET, Route: login]
in SYSTEMPATH\Session\Handlers\FileHandler.php on line 103.
 1 SYSTEMPATH\Session\Handlers\FileHandler.php(103): CodeIgniter\Session\Exceptions\SessionException::forWriteProtectedSavePath('C:\\xampp\\htdocs\\code-5\\writable\\session')
 2 [internal function]: CodeIgniter\Session\Handlers\FileHandler->open('C:\\xampp\\htdocs\\code-5\\writable\\session', 'ci_session')
 3 SYSTEMPATH\Session\Session.php(920): session_start()
 4 SYSTEMPATH\Session\Session.php(242): CodeIgniter\Session\Session->startSession()
 5 SYSTEMPATH\Config\Services.php(710): CodeIgniter\Session\Session->start()
 6 SYSTEMPATH\Config\BaseService.php(312): CodeIgniter\Config\Services::session(Object(Config\Session), false)
 7 SYSTEMPATH\Config\BaseService.php(251): CodeIgniter\Config\BaseService::__callStatic('session', [...])
 8 SYSTEMPATH\Config\Services.php(668): CodeIgniter\Config\BaseService::getSharedInstance('session', null)
 9 SYSTEMPATH\Config\BaseService.php(321): CodeIgniter\Config\Services::session()
10 SYSTEMPATH\Config\BaseService.php(202): CodeIgniter\Config\BaseService::__callStatic('session', [])
11 SYSTEMPATH\Common.php(998): CodeIgniter\Config\BaseService::get('session')
12 SYSTEMPATH\Common.php(971): service('session')
13 APPPATH\Controllers\Anasayfa.php(13): session()
14 SYSTEMPATH\CodeIgniter.php(933): App\Controllers\Anasayfa->login()
15 SYSTEMPATH\CodeIgniter.php(509): CodeIgniter\CodeIgniter->runController(Object(App\Controllers\Anasayfa))
16 SYSTEMPATH\CodeIgniter.php(355): CodeIgniter\CodeIgniter->handleRequest(null, Object(Config\Cache), false)
17 SYSTEMPATH\Boot.php(325): CodeIgniter\CodeIgniter->run()
18 SYSTEMPATH\Boot.php(67): CodeIgniter\Boot::runCodeIgniter(Object(CodeIgniter\CodeIgniter))
19 FCPATH\index.php(56): CodeIgniter\Boot::bootWeb(Object(Config\Paths))
CRITICAL - 2024-12-29 19:10:29 --> CodeIgniter\Session\Exceptions\SessionException: Session: Configured save path "C:\xampp\htdocs\code-5\writable\session" is not writable by the PHP process.
[Method: GET, Route: login]
in SYSTEMPATH\Session\Handlers\FileHandler.php on line 103.
 1 SYSTEMPATH\Session\Handlers\FileHandler.php(103): CodeIgniter\Session\Exceptions\SessionException::forWriteProtectedSavePath('C:\\xampp\\htdocs\\code-5\\writable\\session')
 2 [internal function]: CodeIgniter\Session\Handlers\FileHandler->open('C:\\xampp\\htdocs\\code-5\\writable\\session', 'ci_session')
 3 SYSTEMPATH\Session\Session.php(920): session_start()
 4 SYSTEMPATH\Session\Session.php(242): CodeIgniter\Session\Session->startSession()
 5 SYSTEMPATH\Config\Services.php(710): CodeIgniter\Session\Session->start()
 6 SYSTEMPATH\Config\BaseService.php(312): CodeIgniter\Config\Services::session(Object(Config\Session), false)
 7 SYSTEMPATH\Config\BaseService.php(251): CodeIgniter\Config\BaseService::__callStatic('session', [...])
 8 SYSTEMPATH\Config\Services.php(668): CodeIgniter\Config\BaseService::getSharedInstance('session', null)
 9 SYSTEMPATH\Config\BaseService.php(321): CodeIgniter\Config\Services::session()
10 SYSTEMPATH\Config\BaseService.php(202): CodeIgniter\Config\BaseService::__callStatic('session', [])
11 SYSTEMPATH\Common.php(998): CodeIgniter\Config\BaseService::get('session')
12 SYSTEMPATH\Common.php(971): service('session')
13 APPPATH\Controllers\Anasayfa.php(14): session()
14 SYSTEMPATH\CodeIgniter.php(933): App\Controllers\Anasayfa->login()
15 SYSTEMPATH\CodeIgniter.php(509): CodeIgniter\CodeIgniter->runController(Object(App\Controllers\Anasayfa))
16 SYSTEMPATH\CodeIgniter.php(355): CodeIgniter\CodeIgniter->handleRequest(null, Object(Config\Cache), false)
17 SYSTEMPATH\Boot.php(325): CodeIgniter\CodeIgniter->run()
18 SYSTEMPATH\Boot.php(67): CodeIgniter\Boot::runCodeIgniter(Object(CodeIgniter\CodeIgniter))
19 FCPATH\index.php(56): CodeIgniter\Boot::bootWeb(Object(Config\Paths))
CRITICAL - 2024-12-29 19:10:31 --> CodeIgniter\Session\Exceptions\SessionException: Session: Configured save path "C:\xampp\htdocs\code-5\writable\session" is not writable by the PHP process.
[Method: GET, Route: login]
in SYSTEMPATH\Session\Handlers\FileHandler.php on line 103.
 1 SYSTEMPATH\Session\Handlers\FileHandler.php(103): CodeIgniter\Session\Exceptions\SessionException::forWriteProtectedSavePath('C:\\xampp\\htdocs\\code-5\\writable\\session')
 2 [internal function]: CodeIgniter\Session\Handlers\FileHandler->open('C:\\xampp\\htdocs\\code-5\\writable\\session', 'ci_session')
 3 SYSTEMPATH\Session\Session.php(920): session_start()
 4 SYSTEMPATH\Session\Session.php(242): CodeIgniter\Session\Session->startSession()
 5 SYSTEMPATH\Config\Services.php(710): CodeIgniter\Session\Session->start()
 6 SYSTEMPATH\Config\BaseService.php(312): CodeIgniter\Config\Services::session(Object(Config\Session), false)
 7 SYSTEMPATH\Config\BaseService.php(251): CodeIgniter\Config\BaseService::__callStatic('session', [...])
 8 SYSTEMPATH\Config\Services.php(668): CodeIgniter\Config\BaseService::getSharedInstance('session', null)
 9 SYSTEMPATH\Config\BaseService.php(321): CodeIgniter\Config\Services::session()
10 SYSTEMPATH\Config\BaseService.php(202): CodeIgniter\Config\BaseService::__callStatic('session', [])
11 SYSTEMPATH\Common.php(998): CodeIgniter\Config\BaseService::get('session')
12 SYSTEMPATH\Common.php(971): service('session')
13 APPPATH\Controllers\Anasayfa.php(14): session()
14 SYSTEMPATH\CodeIgniter.php(933): App\Controllers\Anasayfa->login()
15 SYSTEMPATH\CodeIgniter.php(509): CodeIgniter\CodeIgniter->runController(Object(App\Controllers\Anasayfa))
16 SYSTEMPATH\CodeIgniter.php(355): CodeIgniter\CodeIgniter->handleRequest(null, Object(Config\Cache), false)
17 SYSTEMPATH\Boot.php(325): CodeIgniter\CodeIgniter->run()
18 SYSTEMPATH\Boot.php(67): CodeIgniter\Boot::runCodeIgniter(Object(CodeIgniter\CodeIgniter))
19 FCPATH\index.php(56): CodeIgniter\Boot::bootWeb(Object(Config\Paths))
CRITICAL - 2024-12-29 19:10:47 --> CodeIgniter\Session\Exceptions\SessionException: Session: Configured save path "C:\xampp\htdocs\code-5\writable\session" is not writable by the PHP process.
[Method: GET, Route: login]
in SYSTEMPATH\Session\Handlers\FileHandler.php on line 103.
 1 SYSTEMPATH\Session\Handlers\FileHandler.php(103): CodeIgniter\Session\Exceptions\SessionException::forWriteProtectedSavePath('C:\\xampp\\htdocs\\code-5\\writable\\session')
 2 [internal function]: CodeIgniter\Session\Handlers\FileHandler->open('C:\\xampp\\htdocs\\code-5\\writable\\session', 'ci_session')
 3 SYSTEMPATH\Session\Session.php(920): session_start()
 4 SYSTEMPATH\Session\Session.php(242): CodeIgniter\Session\Session->startSession()
 5 SYSTEMPATH\Config\Services.php(710): CodeIgniter\Session\Session->start()
 6 SYSTEMPATH\Config\BaseService.php(312): CodeIgniter\Config\Services::session(Object(Config\Session), false)
 7 SYSTEMPATH\Config\BaseService.php(251): CodeIgniter\Config\BaseService::__callStatic('session', [...])
 8 SYSTEMPATH\Config\Services.php(668): CodeIgniter\Config\BaseService::getSharedInstance('session', null)
 9 SYSTEMPATH\Config\BaseService.php(321): CodeIgniter\Config\Services::session()
10 SYSTEMPATH\Config\BaseService.php(202): CodeIgniter\Config\BaseService::__callStatic('session', [])
11 SYSTEMPATH\Common.php(998): CodeIgniter\Config\BaseService::get('session')
12 SYSTEMPATH\Common.php(971): service('session')
13 APPPATH\Controllers\Anasayfa.php(14): session()
14 SYSTEMPATH\CodeIgniter.php(933): App\Controllers\Anasayfa->login()
15 SYSTEMPATH\CodeIgniter.php(509): CodeIgniter\CodeIgniter->runController(Object(App\Controllers\Anasayfa))
16 SYSTEMPATH\CodeIgniter.php(355): CodeIgniter\CodeIgniter->handleRequest(null, Object(Config\Cache), false)
17 SYSTEMPATH\Boot.php(325): CodeIgniter\CodeIgniter->run()
18 SYSTEMPATH\Boot.php(67): CodeIgniter\Boot::runCodeIgniter(Object(CodeIgniter\CodeIgniter))
19 FCPATH\index.php(56): CodeIgniter\Boot::bootWeb(Object(Config\Paths))
CRITICAL - 2024-12-29 19:12:33 --> CodeIgniter\Session\Exceptions\SessionException: Session: Configured save path "C:\xampp\htdocs\code-5\writable\session" is not writable by the PHP process.
[Method: GET, Route: login]
in SYSTEMPATH\Session\Handlers\FileHandler.php on line 103.
 1 SYSTEMPATH\Session\Handlers\FileHandler.php(103): CodeIgniter\Session\Exceptions\SessionException::forWriteProtectedSavePath('C:\\xampp\\htdocs\\code-5\\writable\\session')
 2 [internal function]: CodeIgniter\Session\Handlers\FileHandler->open('C:\\xampp\\htdocs\\code-5\\writable\\session', 'ci_session')
 3 SYSTEMPATH\Session\Session.php(920): session_start()
 4 SYSTEMPATH\Session\Session.php(242): CodeIgniter\Session\Session->startSession()
 5 SYSTEMPATH\Config\Services.php(710): CodeIgniter\Session\Session->start()
 6 SYSTEMPATH\Config\BaseService.php(312): CodeIgniter\Config\Services::session(Object(Config\Session), false)
 7 SYSTEMPATH\Config\BaseService.php(251): CodeIgniter\Config\BaseService::__callStatic('session', [...])
 8 SYSTEMPATH\Config\Services.php(668): CodeIgniter\Config\BaseService::getSharedInstance('session', null)
 9 SYSTEMPATH\Config\BaseService.php(321): CodeIgniter\Config\Services::session()
10 SYSTEMPATH\Config\BaseService.php(202): CodeIgniter\Config\BaseService::__callStatic('session', [])
11 SYSTEMPATH\Common.php(998): CodeIgniter\Config\BaseService::get('session')
12 SYSTEMPATH\Common.php(971): service('session')
13 APPPATH\Controllers\Anasayfa.php(14): session()
14 SYSTEMPATH\CodeIgniter.php(933): App\Controllers\Anasayfa->login()
15 SYSTEMPATH\CodeIgniter.php(509): CodeIgniter\CodeIgniter->runController(Object(App\Controllers\Anasayfa))
16 SYSTEMPATH\CodeIgniter.php(355): CodeIgniter\CodeIgniter->handleRequest(null, Object(Config\Cache), false)
17 SYSTEMPATH\Boot.php(325): CodeIgniter\CodeIgniter->run()
18 SYSTEMPATH\Boot.php(67): CodeIgniter\Boot::runCodeIgniter(Object(CodeIgniter\CodeIgniter))
19 FCPATH\index.php(56): CodeIgniter\Boot::bootWeb(Object(Config\Paths))
CRITICAL - 2024-12-29 19:12:49 --> CodeIgniter\Session\Exceptions\SessionException: Session: Configured save path "C:\xampp\htdocs\code-5\writable\session" is not writable by the PHP process.
[Method: GET, Route: login]
in SYSTEMPATH\Session\Handlers\FileHandler.php on line 103.
 1 SYSTEMPATH\Session\Handlers\FileHandler.php(103): CodeIgniter\Session\Exceptions\SessionException::forWriteProtectedSavePath('C:\\xampp\\htdocs\\code-5\\writable\\session')
 2 [internal function]: CodeIgniter\Session\Handlers\FileHandler->open('C:\\xampp\\htdocs\\code-5\\writable\\session', 'ci_session')
 3 SYSTEMPATH\Session\Session.php(920): session_start()
 4 SYSTEMPATH\Session\Session.php(242): CodeIgniter\Session\Session->startSession()
 5 SYSTEMPATH\Config\Services.php(710): CodeIgniter\Session\Session->start()
 6 SYSTEMPATH\Config\BaseService.php(312): CodeIgniter\Config\Services::session(Object(Config\Session), false)
 7 SYSTEMPATH\Config\BaseService.php(251): CodeIgniter\Config\BaseService::__callStatic('session', [...])
 8 SYSTEMPATH\Config\Services.php(668): CodeIgniter\Config\BaseService::getSharedInstance('session', null)
 9 SYSTEMPATH\Config\BaseService.php(321): CodeIgniter\Config\Services::session()
10 SYSTEMPATH\Config\BaseService.php(202): CodeIgniter\Config\BaseService::__callStatic('session', [])
11 SYSTEMPATH\Common.php(998): CodeIgniter\Config\BaseService::get('session')
12 SYSTEMPATH\Common.php(971): service('session')
13 APPPATH\Controllers\Anasayfa.php(14): session()
14 SYSTEMPATH\CodeIgniter.php(933): App\Controllers\Anasayfa->login()
15 SYSTEMPATH\CodeIgniter.php(509): CodeIgniter\CodeIgniter->runController(Object(App\Controllers\Anasayfa))
16 SYSTEMPATH\CodeIgniter.php(355): CodeIgniter\CodeIgniter->handleRequest(null, Object(Config\Cache), false)
17 SYSTEMPATH\Boot.php(325): CodeIgniter\CodeIgniter->run()
18 SYSTEMPATH\Boot.php(67): CodeIgniter\Boot::runCodeIgniter(Object(CodeIgniter\CodeIgniter))
19 FCPATH\index.php(56): CodeIgniter\Boot::bootWeb(Object(Config\Paths))
CRITICAL - 2024-12-29 19:12:56 --> CodeIgniter\Session\Exceptions\SessionException: Session: Configured save path "C:\xampp\htdocs\code-5\writable\session" is not writable by the PHP process.
[Method: GET, Route: login]
in SYSTEMPATH\Session\Handlers\FileHandler.php on line 103.
 1 SYSTEMPATH\Session\Handlers\FileHandler.php(103): CodeIgniter\Session\Exceptions\SessionException::forWriteProtectedSavePath('C:\\xampp\\htdocs\\code-5\\writable\\session')
 2 [internal function]: CodeIgniter\Session\Handlers\FileHandler->open('C:\\xampp\\htdocs\\code-5\\writable\\session', 'ci_session')
 3 SYSTEMPATH\Session\Session.php(920): session_start()
 4 SYSTEMPATH\Session\Session.php(242): CodeIgniter\Session\Session->startSession()
 5 SYSTEMPATH\Config\Services.php(710): CodeIgniter\Session\Session->start()
 6 SYSTEMPATH\Config\BaseService.php(312): CodeIgniter\Config\Services::session(Object(Config\Session), false)
 7 SYSTEMPATH\Config\BaseService.php(251): CodeIgniter\Config\BaseService::__callStatic('session', [...])
 8 SYSTEMPATH\Config\Services.php(668): CodeIgniter\Config\BaseService::getSharedInstance('session', null)
 9 SYSTEMPATH\Config\BaseService.php(321): CodeIgniter\Config\Services::session()
10 SYSTEMPATH\Config\BaseService.php(202): CodeIgniter\Config\BaseService::__callStatic('session', [])
11 SYSTEMPATH\Common.php(998): CodeIgniter\Config\BaseService::get('session')
12 SYSTEMPATH\Common.php(971): service('session')
13 APPPATH\Controllers\Anasayfa.php(14): session()
14 SYSTEMPATH\CodeIgniter.php(933): App\Controllers\Anasayfa->login()
15 SYSTEMPATH\CodeIgniter.php(509): CodeIgniter\CodeIgniter->runController(Object(App\Controllers\Anasayfa))
16 SYSTEMPATH\CodeIgniter.php(355): CodeIgniter\CodeIgniter->handleRequest(null, Object(Config\Cache), false)
17 SYSTEMPATH\Boot.php(325): CodeIgniter\CodeIgniter->run()
18 SYSTEMPATH\Boot.php(67): CodeIgniter\Boot::runCodeIgniter(Object(CodeIgniter\CodeIgniter))
19 FCPATH\index.php(56): CodeIgniter\Boot::bootWeb(Object(Config\Paths))
CRITICAL - 2024-12-29 19:15:36 --> CodeIgniter\Session\Exceptions\SessionException: Session: Configured save path "C:\xampp\htdocs\code-5\writable\session" is not writable by the PHP process.
[Method: GET, Route: login]
in SYSTEMPATH\Session\Handlers\FileHandler.php on line 103.
 1 SYSTEMPATH\Session\Handlers\FileHandler.php(103): CodeIgniter\Session\Exceptions\SessionException::forWriteProtectedSavePath('C:\\xampp\\htdocs\\code-5\\writable\\session')
 2 [internal function]: CodeIgniter\Session\Handlers\FileHandler->open('C:\\xampp\\htdocs\\code-5\\writable\\session', 'ci_session')
 3 SYSTEMPATH\Session\Session.php(920): session_start()
 4 SYSTEMPATH\Session\Session.php(242): CodeIgniter\Session\Session->startSession()
 5 SYSTEMPATH\Config\Services.php(710): CodeIgniter\Session\Session->start()
 6 SYSTEMPATH\Config\BaseService.php(312): CodeIgniter\Config\Services::session(Object(Config\Session), false)
 7 SYSTEMPATH\Config\BaseService.php(251): CodeIgniter\Config\BaseService::__callStatic('session', [...])
 8 SYSTEMPATH\Config\Services.php(668): CodeIgniter\Config\BaseService::getSharedInstance('session', null)
 9 SYSTEMPATH\Config\BaseService.php(321): CodeIgniter\Config\Services::session()
10 SYSTEMPATH\Config\BaseService.php(202): CodeIgniter\Config\BaseService::__callStatic('session', [])
11 SYSTEMPATH\Common.php(998): CodeIgniter\Config\BaseService::get('session')
12 SYSTEMPATH\Common.php(971): service('session')
13 APPPATH\Controllers\Anasayfa.php(14): session()
14 SYSTEMPATH\CodeIgniter.php(933): App\Controllers\Anasayfa->login()
15 SYSTEMPATH\CodeIgniter.php(509): CodeIgniter\CodeIgniter->runController(Object(App\Controllers\Anasayfa))
16 SYSTEMPATH\CodeIgniter.php(355): CodeIgniter\CodeIgniter->handleRequest(null, Object(Config\Cache), false)
17 SYSTEMPATH\Boot.php(325): CodeIgniter\CodeIgniter->run()
18 SYSTEMPATH\Boot.php(67): CodeIgniter\Boot::runCodeIgniter(Object(CodeIgniter\CodeIgniter))
19 FCPATH\index.php(56): CodeIgniter\Boot::bootWeb(Object(Config\Paths))
CRITICAL - 2024-12-29 19:21:53 --> CodeIgniter\Session\Exceptions\SessionException: Session: Configured save path "C:\xampp\htdocs\code-5\writable\session" is not writable by the PHP process.
[Method: GET, Route: login]
in SYSTEMPATH\Session\Handlers\FileHandler.php on line 103.
 1 SYSTEMPATH\Session\Handlers\FileHandler.php(103): CodeIgniter\Session\Exceptions\SessionException::forWriteProtectedSavePath('C:\\xampp\\htdocs\\code-5\\writable\\session')
 2 [internal function]: CodeIgniter\Session\Handlers\FileHandler->open('C:\\xampp\\htdocs\\code-5\\writable\\session', 'ci_session')
 3 SYSTEMPATH\Session\Session.php(920): session_start()
 4 SYSTEMPATH\Session\Session.php(242): CodeIgniter\Session\Session->startSession()
 5 SYSTEMPATH\Config\Services.php(710): CodeIgniter\Session\Session->start()
 6 SYSTEMPATH\Config\BaseService.php(312): CodeIgniter\Config\Services::session(Object(Config\Session), false)
 7 SYSTEMPATH\Config\BaseService.php(251): CodeIgniter\Config\BaseService::__callStatic('session', [...])
 8 SYSTEMPATH\Config\Services.php(668): CodeIgniter\Config\BaseService::getSharedInstance('session', null)
 9 SYSTEMPATH\Config\BaseService.php(321): CodeIgniter\Config\Services::session()
10 SYSTEMPATH\Config\BaseService.php(202): CodeIgniter\Config\BaseService::__callStatic('session', [])
11 SYSTEMPATH\Common.php(998): CodeIgniter\Config\BaseService::get('session')
12 SYSTEMPATH\Common.php(971): service('session')
13 APPPATH\Controllers\Anasayfa.php(14): session()
14 SYSTEMPATH\CodeIgniter.php(933): App\Controllers\Anasayfa->login()
15 SYSTEMPATH\CodeIgniter.php(509): CodeIgniter\CodeIgniter->runController(Object(App\Controllers\Anasayfa))
16 SYSTEMPATH\CodeIgniter.php(355): CodeIgniter\CodeIgniter->handleRequest(null, Object(Config\Cache), false)
17 SYSTEMPATH\Boot.php(325): CodeIgniter\CodeIgniter->run()
18 SYSTEMPATH\Boot.php(67): CodeIgniter\Boot::runCodeIgniter(Object(CodeIgniter\CodeIgniter))
19 FCPATH\index.php(56): CodeIgniter\Boot::bootWeb(Object(Config\Paths))
CRITICAL - 2024-12-29 19:23:25 --> CodeIgniter\Session\Exceptions\SessionException: Session: Configured save path "C:\xampp\htdocs\code-5\writable\session" is not writable by the PHP process.
[Method: GET, Route: login]
in SYSTEMPATH\Session\Handlers\FileHandler.php on line 103.
 1 SYSTEMPATH\Session\Handlers\FileHandler.php(103): CodeIgniter\Session\Exceptions\SessionException::forWriteProtectedSavePath('C:\\xampp\\htdocs\\code-5\\writable\\session')
 2 [internal function]: CodeIgniter\Session\Handlers\FileHandler->open('C:\\xampp\\htdocs\\code-5\\writable\\session', 'ci_session')
 3 SYSTEMPATH\Session\Session.php(920): session_start()
 4 SYSTEMPATH\Session\Session.php(242): CodeIgniter\Session\Session->startSession()
 5 SYSTEMPATH\Config\Services.php(710): CodeIgniter\Session\Session->start()
 6 SYSTEMPATH\Config\BaseService.php(312): CodeIgniter\Config\Services::session(Object(Config\Session), false)
 7 SYSTEMPATH\Config\BaseService.php(251): CodeIgniter\Config\BaseService::__callStatic('session', [...])
 8 SYSTEMPATH\Config\Services.php(668): CodeIgniter\Config\BaseService::getSharedInstance('session', null)
 9 SYSTEMPATH\Config\BaseService.php(321): CodeIgniter\Config\Services::session()
10 SYSTEMPATH\Config\BaseService.php(202): CodeIgniter\Config\BaseService::__callStatic('session', [])
11 SYSTEMPATH\Common.php(998): CodeIgniter\Config\BaseService::get('session')
12 SYSTEMPATH\Common.php(971): service('session')
13 APPPATH\Controllers\Anasayfa.php(14): session()
14 SYSTEMPATH\CodeIgniter.php(933): App\Controllers\Anasayfa->login()
15 SYSTEMPATH\CodeIgniter.php(509): CodeIgniter\CodeIgniter->runController(Object(App\Controllers\Anasayfa))
16 SYSTEMPATH\CodeIgniter.php(355): CodeIgniter\CodeIgniter->handleRequest(null, Object(Config\Cache), false)
17 SYSTEMPATH\Boot.php(325): CodeIgniter\CodeIgniter->run()
18 SYSTEMPATH\Boot.php(67): CodeIgniter\Boot::runCodeIgniter(Object(CodeIgniter\CodeIgniter))
19 FCPATH\index.php(56): CodeIgniter\Boot::bootWeb(Object(Config\Paths))
CRITICAL - 2024-12-29 19:25:52 --> CodeIgniter\Session\Exceptions\SessionException: Session: Configured save path "C:\xampp\htdocs\code-5\writable\session" is not writable by the PHP process.
[Method: GET, Route: login]
in SYSTEMPATH\Session\Handlers\FileHandler.php on line 103.
 1 SYSTEMPATH\Session\Handlers\FileHandler.php(103): CodeIgniter\Session\Exceptions\SessionException::forWriteProtectedSavePath('C:\\xampp\\htdocs\\code-5\\writable\\session')
 2 [internal function]: CodeIgniter\Session\Handlers\FileHandler->open('C:\\xampp\\htdocs\\code-5\\writable\\session', 'ci_session')
 3 SYSTEMPATH\Session\Session.php(920): session_start()
 4 SYSTEMPATH\Session\Session.php(242): CodeIgniter\Session\Session->startSession()
 5 SYSTEMPATH\Config\Services.php(710): CodeIgniter\Session\Session->start()
 6 SYSTEMPATH\Config\BaseService.php(312): CodeIgniter\Config\Services::session(Object(Config\Session), false)
 7 SYSTEMPATH\Config\BaseService.php(251): CodeIgniter\Config\BaseService::__callStatic('session', [...])
 8 SYSTEMPATH\Config\Services.php(668): CodeIgniter\Config\BaseService::getSharedInstance('session', null)
 9 SYSTEMPATH\Config\BaseService.php(321): CodeIgniter\Config\Services::session()
10 SYSTEMPATH\Config\BaseService.php(202): CodeIgniter\Config\BaseService::__callStatic('session', [])
11 SYSTEMPATH\Common.php(998): CodeIgniter\Config\BaseService::get('session')
12 SYSTEMPATH\Common.php(971): service('session')
13 APPPATH\Controllers\Anasayfa.php(14): session()
14 SYSTEMPATH\CodeIgniter.php(933): App\Controllers\Anasayfa->login()
15 SYSTEMPATH\CodeIgniter.php(509): CodeIgniter\CodeIgniter->runController(Object(App\Controllers\Anasayfa))
16 SYSTEMPATH\CodeIgniter.php(355): CodeIgniter\CodeIgniter->handleRequest(null, Object(Config\Cache), false)
17 SYSTEMPATH\Boot.php(325): CodeIgniter\CodeIgniter->run()
18 SYSTEMPATH\Boot.php(67): CodeIgniter\Boot::runCodeIgniter(Object(CodeIgniter\CodeIgniter))
19 FCPATH\index.php(56): CodeIgniter\Boot::bootWeb(Object(Config\Paths))
CRITICAL - 2024-12-29 19:25:54 --> CodeIgniter\Session\Exceptions\SessionException: Session: Configured save path "C:\xampp\htdocs\code-5\writable\session" is not writable by the PHP process.
[Method: GET, Route: login]
in SYSTEMPATH\Session\Handlers\FileHandler.php on line 103.
 1 SYSTEMPATH\Session\Handlers\FileHandler.php(103): CodeIgniter\Session\Exceptions\SessionException::forWriteProtectedSavePath('C:\\xampp\\htdocs\\code-5\\writable\\session')
 2 [internal function]: CodeIgniter\Session\Handlers\FileHandler->open('C:\\xampp\\htdocs\\code-5\\writable\\session', 'ci_session')
 3 SYSTEMPATH\Session\Session.php(920): session_start()
 4 SYSTEMPATH\Session\Session.php(242): CodeIgniter\Session\Session->startSession()
 5 SYSTEMPATH\Config\Services.php(710): CodeIgniter\Session\Session->start()
 6 SYSTEMPATH\Config\BaseService.php(312): CodeIgniter\Config\Services::session(Object(Config\Session), false)
 7 SYSTEMPATH\Config\BaseService.php(251): CodeIgniter\Config\BaseService::__callStatic('session', [...])
 8 SYSTEMPATH\Config\Services.php(668): CodeIgniter\Config\BaseService::getSharedInstance('session', null)
 9 SYSTEMPATH\Config\BaseService.php(321): CodeIgniter\Config\Services::session()
10 SYSTEMPATH\Config\BaseService.php(202): CodeIgniter\Config\BaseService::__callStatic('session', [])
11 SYSTEMPATH\Common.php(998): CodeIgniter\Config\BaseService::get('session')
12 SYSTEMPATH\Common.php(971): service('session')
13 APPPATH\Controllers\Anasayfa.php(14): session()
14 SYSTEMPATH\CodeIgniter.php(933): App\Controllers\Anasayfa->login()
15 SYSTEMPATH\CodeIgniter.php(509): CodeIgniter\CodeIgniter->runController(Object(App\Controllers\Anasayfa))
16 SYSTEMPATH\CodeIgniter.php(355): CodeIgniter\CodeIgniter->handleRequest(null, Object(Config\Cache), false)
17 SYSTEMPATH\Boot.php(325): CodeIgniter\CodeIgniter->run()
18 SYSTEMPATH\Boot.php(67): CodeIgniter\Boot::runCodeIgniter(Object(CodeIgniter\CodeIgniter))
19 FCPATH\index.php(56): CodeIgniter\Boot::bootWeb(Object(Config\Paths))
CRITICAL - 2024-12-29 19:25:57 --> CodeIgniter\Session\Exceptions\SessionException: Session: Configured save path "C:\xampp\htdocs\code-5\writable\session" is not writable by the PHP process.
[Method: GET, Route: login]
in SYSTEMPATH\Session\Handlers\FileHandler.php on line 103.
 1 SYSTEMPATH\Session\Handlers\FileHandler.php(103): CodeIgniter\Session\Exceptions\SessionException::forWriteProtectedSavePath('C:\\xampp\\htdocs\\code-5\\writable\\session')
 2 [internal function]: CodeIgniter\Session\Handlers\FileHandler->open('C:\\xampp\\htdocs\\code-5\\writable\\session', 'ci_session')
 3 SYSTEMPATH\Session\Session.php(920): session_start()
 4 SYSTEMPATH\Session\Session.php(242): CodeIgniter\Session\Session->startSession()
 5 SYSTEMPATH\Config\Services.php(710): CodeIgniter\Session\Session->start()
 6 SYSTEMPATH\Config\BaseService.php(312): CodeIgniter\Config\Services::session(Object(Config\Session), false)
 7 SYSTEMPATH\Config\BaseService.php(251): CodeIgniter\Config\BaseService::__callStatic('session', [...])
 8 SYSTEMPATH\Config\Services.php(668): CodeIgniter\Config\BaseService::getSharedInstance('session', null)
 9 SYSTEMPATH\Config\BaseService.php(321): CodeIgniter\Config\Services::session()
10 SYSTEMPATH\Config\BaseService.php(202): CodeIgniter\Config\BaseService::__callStatic('session', [])
11 SYSTEMPATH\Common.php(998): CodeIgniter\Config\BaseService::get('session')
12 SYSTEMPATH\Common.php(971): service('session')
13 APPPATH\Controllers\Anasayfa.php(14): session()
14 SYSTEMPATH\CodeIgniter.php(933): App\Controllers\Anasayfa->login()
15 SYSTEMPATH\CodeIgniter.php(509): CodeIgniter\CodeIgniter->runController(Object(App\Controllers\Anasayfa))
16 SYSTEMPATH\CodeIgniter.php(355): CodeIgniter\CodeIgniter->handleRequest(null, Object(Config\Cache), false)
17 SYSTEMPATH\Boot.php(325): CodeIgniter\CodeIgniter->run()
18 SYSTEMPATH\Boot.php(67): CodeIgniter\Boot::runCodeIgniter(Object(CodeIgniter\CodeIgniter))
19 FCPATH\index.php(56): CodeIgniter\Boot::bootWeb(Object(Config\Paths))
CRITICAL - 2024-12-29 19:27:38 --> ParseError: Unclosed '{' on line 6
[Method: GET, Route: login]
in APPPATH\Controllers\Anasayfa.php on line 43.
 1 SYSTEMPATH\Autoloader\Autoloader.php(296): CodeIgniter\Autoloader\Autoloader->includeFile('C:\\xampp\\htdocs\\code-5\\app\\Controllers\\Anasayfa.php')
 2 SYSTEMPATH\Autoloader\Autoloader.php(272): CodeIgniter\Autoloader\Autoloader->loadInNamespace('App\\Controllers\\Anasayfa')
 3 [internal function]: CodeIgniter\Autoloader\Autoloader->loadClass('App\\Controllers\\Anasayfa')
 4 SYSTEMPATH\CodeIgniter.php(887): class_exists('\\App\\Controllers\\Anasayfa', true)
 5 SYSTEMPATH\CodeIgniter.php(496): CodeIgniter\CodeIgniter->startController()
 6 SYSTEMPATH\CodeIgniter.php(355): CodeIgniter\CodeIgniter->handleRequest(null, Object(Config\Cache), false)
 7 SYSTEMPATH\Boot.php(325): CodeIgniter\CodeIgniter->run()
 8 SYSTEMPATH\Boot.php(67): CodeIgniter\Boot::runCodeIgniter(Object(CodeIgniter\CodeIgniter))
 9 FCPATH\index.php(56): CodeIgniter\Boot::bootWeb(Object(Config\Paths))
CRITICAL - 2024-12-29 19:27:40 --> ParseError: Unclosed '{' on line 6
[Method: GET, Route: login]
in APPPATH\Controllers\Anasayfa.php on line 43.
 1 SYSTEMPATH\Autoloader\Autoloader.php(296): CodeIgniter\Autoloader\Autoloader->includeFile('C:\\xampp\\htdocs\\code-5\\app\\Controllers\\Anasayfa.php')
 2 SYSTEMPATH\Autoloader\Autoloader.php(272): CodeIgniter\Autoloader\Autoloader->loadInNamespace('App\\Controllers\\Anasayfa')
 3 [internal function]: CodeIgniter\Autoloader\Autoloader->loadClass('App\\Controllers\\Anasayfa')
 4 SYSTEMPATH\CodeIgniter.php(887): class_exists('\\App\\Controllers\\Anasayfa', true)
 5 SYSTEMPATH\CodeIgniter.php(496): CodeIgniter\CodeIgniter->startController()
 6 SYSTEMPATH\CodeIgniter.php(355): CodeIgniter\CodeIgniter->handleRequest(null, Object(Config\Cache), false)
 7 SYSTEMPATH\Boot.php(325): CodeIgniter\CodeIgniter->run()
 8 SYSTEMPATH\Boot.php(67): CodeIgniter\Boot::runCodeIgniter(Object(CodeIgniter\CodeIgniter))
 9 FCPATH\index.php(56): CodeIgniter\Boot::bootWeb(Object(Config\Paths))
CRITICAL - 2024-12-29 19:27:41 --> ParseError: Unclosed '{' on line 6
[Method: GET, Route: /]
in APPPATH\Controllers\Anasayfa.php on line 43.
 1 SYSTEMPATH\Autoloader\Autoloader.php(296): CodeIgniter\Autoloader\Autoloader->includeFile('C:\\xampp\\htdocs\\code-5\\app\\Controllers\\Anasayfa.php')
 2 SYSTEMPATH\Autoloader\Autoloader.php(272): CodeIgniter\Autoloader\Autoloader->loadInNamespace('App\\Controllers\\Anasayfa')
 3 [internal function]: CodeIgniter\Autoloader\Autoloader->loadClass('App\\Controllers\\Anasayfa')
 4 SYSTEMPATH\CodeIgniter.php(887): class_exists('\\App\\Controllers\\Anasayfa', true)
 5 SYSTEMPATH\CodeIgniter.php(496): CodeIgniter\CodeIgniter->startController()
 6 SYSTEMPATH\CodeIgniter.php(355): CodeIgniter\CodeIgniter->handleRequest(null, Object(Config\Cache), false)
 7 SYSTEMPATH\Boot.php(325): CodeIgniter\CodeIgniter->run()
 8 SYSTEMPATH\Boot.php(67): CodeIgniter\Boot::runCodeIgniter(Object(CodeIgniter\CodeIgniter))
 9 FCPATH\index.php(56): CodeIgniter\Boot::bootWeb(Object(Config\Paths))
CRITICAL - 2024-12-29 19:27:44 --> ParseError: Unclosed '{' on line 6
[Method: GET, Route: kayit]
in APPPATH\Controllers\Anasayfa.php on line 43.
 1 SYSTEMPATH\Autoloader\Autoloader.php(296): CodeIgniter\Autoloader\Autoloader->includeFile('C:\\xampp\\htdocs\\code-5\\app\\Controllers\\Anasayfa.php')
 2 SYSTEMPATH\Autoloader\Autoloader.php(272): CodeIgniter\Autoloader\Autoloader->loadInNamespace('App\\Controllers\\Anasayfa')
 3 [internal function]: CodeIgniter\Autoloader\Autoloader->loadClass('App\\Controllers\\Anasayfa')
 4 SYSTEMPATH\CodeIgniter.php(887): class_exists('\\App\\Controllers\\Anasayfa', true)
 5 SYSTEMPATH\CodeIgniter.php(496): CodeIgniter\CodeIgniter->startController()
 6 SYSTEMPATH\CodeIgniter.php(355): CodeIgniter\CodeIgniter->handleRequest(null, Object(Config\Cache), false)
 7 SYSTEMPATH\Boot.php(325): CodeIgniter\CodeIgniter->run()
 8 SYSTEMPATH\Boot.php(67): CodeIgniter\Boot::runCodeIgniter(Object(CodeIgniter\CodeIgniter))
 9 FCPATH\index.php(56): CodeIgniter\Boot::bootWeb(Object(Config\Paths))
CRITICAL - 2024-12-29 19:27:49 --> ParseError: Unclosed '{' on line 6
[Method: GET, Route: /]
in APPPATH\Controllers\Anasayfa.php on line 43.
 1 SYSTEMPATH\Autoloader\Autoloader.php(296): CodeIgniter\Autoloader\Autoloader->includeFile('C:\\xampp\\htdocs\\code-5\\app\\Controllers\\Anasayfa.php')
 2 SYSTEMPATH\Autoloader\Autoloader.php(272): CodeIgniter\Autoloader\Autoloader->loadInNamespace('App\\Controllers\\Anasayfa')
 3 [internal function]: CodeIgniter\Autoloader\Autoloader->loadClass('App\\Controllers\\Anasayfa')
 4 SYSTEMPATH\CodeIgniter.php(887): class_exists('\\App\\Controllers\\Anasayfa', true)
 5 SYSTEMPATH\CodeIgniter.php(496): CodeIgniter\CodeIgniter->startController()
 6 SYSTEMPATH\CodeIgniter.php(355): CodeIgniter\CodeIgniter->handleRequest(null, Object(Config\Cache), false)
 7 SYSTEMPATH\Boot.php(325): CodeIgniter\CodeIgniter->run()
 8 SYSTEMPATH\Boot.php(67): CodeIgniter\Boot::runCodeIgniter(Object(CodeIgniter\CodeIgniter))
 9 FCPATH\index.php(56): CodeIgniter\Boot::bootWeb(Object(Config\Paths))
CRITICAL - 2024-12-29 19:28:10 --> ParseError: Unclosed '{' on line 6
[Method: GET, Route: /]
in APPPATH\Controllers\Anasayfa.php on line 46.
 1 SYSTEMPATH\Autoloader\Autoloader.php(296): CodeIgniter\Autoloader\Autoloader->includeFile('C:\\xampp\\htdocs\\code-5\\app\\Controllers\\Anasayfa.php')
 2 SYSTEMPATH\Autoloader\Autoloader.php(272): CodeIgniter\Autoloader\Autoloader->loadInNamespace('App\\Controllers\\Anasayfa')
 3 [internal function]: CodeIgniter\Autoloader\Autoloader->loadClass('App\\Controllers\\Anasayfa')
 4 SYSTEMPATH\CodeIgniter.php(887): class_exists('\\App\\Controllers\\Anasayfa', true)
 5 SYSTEMPATH\CodeIgniter.php(496): CodeIgniter\CodeIgniter->startController()
 6 SYSTEMPATH\CodeIgniter.php(355): CodeIgniter\CodeIgniter->handleRequest(null, Object(Config\Cache), false)
 7 SYSTEMPATH\Boot.php(325): CodeIgniter\CodeIgniter->run()
 8 SYSTEMPATH\Boot.php(67): CodeIgniter\Boot::runCodeIgniter(Object(CodeIgniter\CodeIgniter))
 9 FCPATH\index.php(56): CodeIgniter\Boot::bootWeb(Object(Config\Paths))
CRITICAL - 2024-12-29 19:28:11 --> ParseError: Unclosed '{' on line 6
[Method: GET, Route: /]
in APPPATH\Controllers\Anasayfa.php on line 46.
 1 SYSTEMPATH\Autoloader\Autoloader.php(296): CodeIgniter\Autoloader\Autoloader->includeFile('C:\\xampp\\htdocs\\code-5\\app\\Controllers\\Anasayfa.php')
 2 SYSTEMPATH\Autoloader\Autoloader.php(272): CodeIgniter\Autoloader\Autoloader->loadInNamespace('App\\Controllers\\Anasayfa')
 3 [internal function]: CodeIgniter\Autoloader\Autoloader->loadClass('App\\Controllers\\Anasayfa')
 4 SYSTEMPATH\CodeIgniter.php(887): class_exists('\\App\\Controllers\\Anasayfa', true)
 5 SYSTEMPATH\CodeIgniter.php(496): CodeIgniter\CodeIgniter->startController()
 6 SYSTEMPATH\CodeIgniter.php(355): CodeIgniter\CodeIgniter->handleRequest(null, Object(Config\Cache), false)
 7 SYSTEMPATH\Boot.php(325): CodeIgniter\CodeIgniter->run()
 8 SYSTEMPATH\Boot.php(67): CodeIgniter\Boot::runCodeIgniter(Object(CodeIgniter\CodeIgniter))
 9 FCPATH\index.php(56): CodeIgniter\Boot::bootWeb(Object(Config\Paths))
CRITICAL - 2024-12-29 19:28:28 --> ParseError: Unclosed '{' on line 6
[Method: GET, Route: /]
in APPPATH\Controllers\Anasayfa.php on line 46.
 1 SYSTEMPATH\Autoloader\Autoloader.php(296): CodeIgniter\Autoloader\Autoloader->includeFile('C:\\xampp\\htdocs\\code-5\\app\\Controllers\\Anasayfa.php')
 2 SYSTEMPATH\Autoloader\Autoloader.php(272): CodeIgniter\Autoloader\Autoloader->loadInNamespace('App\\Controllers\\Anasayfa')
 3 [internal function]: CodeIgniter\Autoloader\Autoloader->loadClass('App\\Controllers\\Anasayfa')
 4 SYSTEMPATH\CodeIgniter.php(887): class_exists('\\App\\Controllers\\Anasayfa', true)
 5 SYSTEMPATH\CodeIgniter.php(496): CodeIgniter\CodeIgniter->startController()
 6 SYSTEMPATH\CodeIgniter.php(355): CodeIgniter\CodeIgniter->handleRequest(null, Object(Config\Cache), false)
 7 SYSTEMPATH\Boot.php(325): CodeIgniter\CodeIgniter->run()
 8 SYSTEMPATH\Boot.php(67): CodeIgniter\Boot::runCodeIgniter(Object(CodeIgniter\CodeIgniter))
 9 FCPATH\index.php(56): CodeIgniter\Boot::bootWeb(Object(Config\Paths))
CRITICAL - 2024-12-29 19:28:29 --> ParseError: Unclosed '{' on line 6
[Method: GET, Route: /]
in APPPATH\Controllers\Anasayfa.php on line 46.
 1 SYSTEMPATH\Autoloader\Autoloader.php(296): CodeIgniter\Autoloader\Autoloader->includeFile('C:\\xampp\\htdocs\\code-5\\app\\Controllers\\Anasayfa.php')
 2 SYSTEMPATH\Autoloader\Autoloader.php(272): CodeIgniter\Autoloader\Autoloader->loadInNamespace('App\\Controllers\\Anasayfa')
 3 [internal function]: CodeIgniter\Autoloader\Autoloader->loadClass('App\\Controllers\\Anasayfa')
 4 SYSTEMPATH\CodeIgniter.php(887): class_exists('\\App\\Controllers\\Anasayfa', true)
 5 SYSTEMPATH\CodeIgniter.php(496): CodeIgniter\CodeIgniter->startController()
 6 SYSTEMPATH\CodeIgniter.php(355): CodeIgniter\CodeIgniter->handleRequest(null, Object(Config\Cache), false)
 7 SYSTEMPATH\Boot.php(325): CodeIgniter\CodeIgniter->run()
 8 SYSTEMPATH\Boot.php(67): CodeIgniter\Boot::runCodeIgniter(Object(CodeIgniter\CodeIgniter))
 9 FCPATH\index.php(56): CodeIgniter\Boot::bootWeb(Object(Config\Paths))
CRITICAL - 2024-12-29 19:46:32 --> CodeIgniter\Session\Exceptions\SessionException: Session: Configured save path "C:\xampp\htdocs\code-5\writable\session" is not writable by the PHP process.
[Method: GET, Route: login]
in SYSTEMPATH\Session\Handlers\FileHandler.php on line 103.
 1 SYSTEMPATH\Session\Handlers\FileHandler.php(103): CodeIgniter\Session\Exceptions\SessionException::forWriteProtectedSavePath('C:\\xampp\\htdocs\\code-5\\writable\\session')
 2 [internal function]: CodeIgniter\Session\Handlers\FileHandler->open('C:\\xampp\\htdocs\\code-5\\writable\\session', 'ci_session')
 3 SYSTEMPATH\Session\Session.php(920): session_start()
 4 SYSTEMPATH\Session\Session.php(242): CodeIgniter\Session\Session->startSession()
 5 SYSTEMPATH\Config\Services.php(710): CodeIgniter\Session\Session->start()
 6 SYSTEMPATH\Config\BaseService.php(312): CodeIgniter\Config\Services::session(Object(Config\Session), false)
 7 SYSTEMPATH\Config\BaseService.php(251): CodeIgniter\Config\BaseService::__callStatic('session', [...])
 8 SYSTEMPATH\Config\Services.php(668): CodeIgniter\Config\BaseService::getSharedInstance('session', null)
 9 SYSTEMPATH\Config\BaseService.php(321): CodeIgniter\Config\Services::session()
10 SYSTEMPATH\Config\BaseService.php(202): CodeIgniter\Config\BaseService::__callStatic('session', [])
11 SYSTEMPATH\Common.php(998): CodeIgniter\Config\BaseService::get('session')
12 SYSTEMPATH\Common.php(971): service('session')
13 APPPATH\Controllers\Anasayfa.php(14): session()
14 SYSTEMPATH\CodeIgniter.php(933): App\Controllers\Anasayfa->login()
15 SYSTEMPATH\CodeIgniter.php(509): CodeIgniter\CodeIgniter->runController(Object(App\Controllers\Anasayfa))
16 SYSTEMPATH\CodeIgniter.php(355): CodeIgniter\CodeIgniter->handleRequest(null, Object(Config\Cache), false)
17 SYSTEMPATH\Boot.php(325): CodeIgniter\CodeIgniter->run()
18 SYSTEMPATH\Boot.php(67): CodeIgniter\Boot::runCodeIgniter(Object(CodeIgniter\CodeIgniter))
19 FCPATH\index.php(56): CodeIgniter\Boot::bootWeb(Object(Config\Paths))
CRITICAL - 2024-12-29 19:57:24 --> CodeIgniter\Session\Exceptions\SessionException: Session: Configured save path "C:\xampp\htdocs\code-5\writable\session" is not writable by the PHP process.
[Method: GET, Route: login]
in SYSTEMPATH\Session\Handlers\FileHandler.php on line 103.
 1 SYSTEMPATH\Session\Handlers\FileHandler.php(103): CodeIgniter\Session\Exceptions\SessionException::forWriteProtectedSavePath('C:\\xampp\\htdocs\\code-5\\writable\\session')
 2 [internal function]: CodeIgniter\Session\Handlers\FileHandler->open('C:\\xampp\\htdocs\\code-5\\writable\\session', 'ci_session')
 3 SYSTEMPATH\Session\Session.php(920): session_start()
 4 SYSTEMPATH\Session\Session.php(242): CodeIgniter\Session\Session->startSession()
 5 SYSTEMPATH\Config\Services.php(710): CodeIgniter\Session\Session->start()
 6 SYSTEMPATH\Config\BaseService.php(312): CodeIgniter\Config\Services::session(Object(Config\Session), false)
 7 SYSTEMPATH\Config\BaseService.php(251): CodeIgniter\Config\BaseService::__callStatic('session', [...])
 8 SYSTEMPATH\Config\Services.php(668): CodeIgniter\Config\BaseService::getSharedInstance('session', null)
 9 SYSTEMPATH\Config\BaseService.php(321): CodeIgniter\Config\Services::session()
10 SYSTEMPATH\Config\BaseService.php(202): CodeIgniter\Config\BaseService::__callStatic('session', [])
11 SYSTEMPATH\Common.php(998): CodeIgniter\Config\BaseService::get('session')
12 SYSTEMPATH\Common.php(971): service('session')
13 APPPATH\Controllers\Anasayfa.php(14): session()
14 SYSTEMPATH\CodeIgniter.php(933): App\Controllers\Anasayfa->login()
15 SYSTEMPATH\CodeIgniter.php(509): CodeIgniter\CodeIgniter->runController(Object(App\Controllers\Anasayfa))
16 SYSTEMPATH\CodeIgniter.php(355): CodeIgniter\CodeIgniter->handleRequest(null, Object(Config\Cache), false)
17 SYSTEMPATH\Boot.php(325): CodeIgniter\CodeIgniter->run()
18 SYSTEMPATH\Boot.php(67): CodeIgniter\Boot::runCodeIgniter(Object(CodeIgniter\CodeIgniter))
19 FCPATH\index.php(56): CodeIgniter\Boot::bootWeb(Object(Config\Paths))
CRITICAL - 2024-12-29 19:58:35 --> CodeIgniter\Session\Exceptions\SessionException: Session: Configured save path "C:\xampp\htdocs\code-5\writable\session" is not writable by the PHP process.
[Method: GET, Route: login]
in SYSTEMPATH\Session\Handlers\FileHandler.php on line 103.
 1 SYSTEMPATH\Session\Handlers\FileHandler.php(103): CodeIgniter\Session\Exceptions\SessionException::forWriteProtectedSavePath('C:\\xampp\\htdocs\\code-5\\writable\\session')
 2 [internal function]: CodeIgniter\Session\Handlers\FileHandler->open('C:\\xampp\\htdocs\\code-5\\writable\\session', 'ci_session')
 3 SYSTEMPATH\Session\Session.php(920): session_start()
 4 SYSTEMPATH\Session\Session.php(242): CodeIgniter\Session\Session->startSession()
 5 SYSTEMPATH\Config\Services.php(710): CodeIgniter\Session\Session->start()
 6 SYSTEMPATH\Config\BaseService.php(312): CodeIgniter\Config\Services::session(Object(Config\Session), false)
 7 SYSTEMPATH\Config\BaseService.php(251): CodeIgniter\Config\BaseService::__callStatic('session', [...])
 8 SYSTEMPATH\Config\Services.php(668): CodeIgniter\Config\BaseService::getSharedInstance('session', null)
 9 SYSTEMPATH\Config\BaseService.php(321): CodeIgniter\Config\Services::session()
10 SYSTEMPATH\Config\BaseService.php(202): CodeIgniter\Config\BaseService::__callStatic('session', [])
11 SYSTEMPATH\Common.php(998): CodeIgniter\Config\BaseService::get('session')
12 SYSTEMPATH\Common.php(971): service('session')
13 APPPATH\Controllers\Anasayfa.php(15): session()
14 SYSTEMPATH\CodeIgniter.php(933): App\Controllers\Anasayfa->login()
15 SYSTEMPATH\CodeIgniter.php(509): CodeIgniter\CodeIgniter->runController(Object(App\Controllers\Anasayfa))
16 SYSTEMPATH\CodeIgniter.php(355): CodeIgniter\CodeIgniter->handleRequest(null, Object(Config\Cache), false)
17 SYSTEMPATH\Boot.php(325): CodeIgniter\CodeIgniter->run()
18 SYSTEMPATH\Boot.php(67): CodeIgniter\Boot::runCodeIgniter(Object(CodeIgniter\CodeIgniter))
19 FCPATH\index.php(56): CodeIgniter\Boot::bootWeb(Object(Config\Paths))
CRITICAL - 2024-12-29 20:18:17 --> CodeIgniter\Session\Exceptions\SessionException: Session: Configured save path "C:\xampp\htdocs\code-5\writable\session" is not writable by the PHP process.
[Method: GET, Route: login]
in SYSTEMPATH\Session\Handlers\FileHandler.php on line 103.
 1 SYSTEMPATH\Session\Handlers\FileHandler.php(103): CodeIgniter\Session\Exceptions\SessionException::forWriteProtectedSavePath('C:\\xampp\\htdocs\\code-5\\writable\\session')
 2 [internal function]: CodeIgniter\Session\Handlers\FileHandler->open('C:\\xampp\\htdocs\\code-5\\writable\\session', 'ci_session')
 3 SYSTEMPATH\Session\Session.php(920): session_start()
 4 SYSTEMPATH\Session\Session.php(242): CodeIgniter\Session\Session->startSession()
 5 SYSTEMPATH\Config\Services.php(710): CodeIgniter\Session\Session->start()
 6 SYSTEMPATH\Config\BaseService.php(312): CodeIgniter\Config\Services::session(Object(Config\Session), false)
 7 SYSTEMPATH\Config\BaseService.php(251): CodeIgniter\Config\BaseService::__callStatic('session', [...])
 8 SYSTEMPATH\Config\Services.php(668): CodeIgniter\Config\BaseService::getSharedInstance('session', null)
 9 SYSTEMPATH\Config\BaseService.php(321): CodeIgniter\Config\Services::session()
10 SYSTEMPATH\Config\BaseService.php(202): CodeIgniter\Config\BaseService::__callStatic('session', [])
11 SYSTEMPATH\Common.php(998): CodeIgniter\Config\BaseService::get('session')
12 SYSTEMPATH\Common.php(971): service('session')
13 APPPATH\Controllers\Anasayfa.php(15): session()
14 SYSTEMPATH\CodeIgniter.php(933): App\Controllers\Anasayfa->login()
15 SYSTEMPATH\CodeIgniter.php(509): CodeIgniter\CodeIgniter->runController(Object(App\Controllers\Anasayfa))
16 SYSTEMPATH\CodeIgniter.php(355): CodeIgniter\CodeIgniter->handleRequest(null, Object(Config\Cache), false)
17 SYSTEMPATH\Boot.php(325): CodeIgniter\CodeIgniter->run()
18 SYSTEMPATH\Boot.php(67): CodeIgniter\Boot::runCodeIgniter(Object(CodeIgniter\CodeIgniter))
19 FCPATH\index.php(56): CodeIgniter\Boot::bootWeb(Object(Config\Paths))
CRITICAL - 2024-12-29 21:15:21 --> CodeIgniter\Session\Exceptions\SessionException: Session: Configured save path "C:\xampp\htdocs\FinalProjesi\code-5\writable\session" is not writable by the PHP process.
[Method: GET, Route: login]
in SYSTEMPATH\Session\Handlers\FileHandler.php on line 103.
 1 SYSTEMPATH\Session\Handlers\FileHandler.php(103): CodeIgniter\Session\Exceptions\SessionException::forWriteProtectedSavePath('C:\\xampp\\htdocs\\FinalProjesi\\code-5\\writable\\session')
 2 [internal function]: CodeIgniter\Session\Handlers\FileHandler->open('C:\\xampp\\htdocs\\FinalProjesi\\code-5\\writable\\session', 'ci_session')
 3 SYSTEMPATH\Session\Session.php(920): session_start()
 4 SYSTEMPATH\Session\Session.php(242): CodeIgniter\Session\Session->startSession()
 5 SYSTEMPATH\Config\Services.php(710): CodeIgniter\Session\Session->start()
 6 SYSTEMPATH\Config\BaseService.php(312): CodeIgniter\Config\Services::session(Object(Config\Session), false)
 7 SYSTEMPATH\Config\BaseService.php(251): CodeIgniter\Config\BaseService::__callStatic('session', [...])
 8 SYSTEMPATH\Config\Services.php(668): CodeIgniter\Config\BaseService::getSharedInstance('session', null)
 9 SYSTEMPATH\Config\BaseService.php(321): CodeIgniter\Config\Services::session()
10 SYSTEMPATH\Config\BaseService.php(202): CodeIgniter\Config\BaseService::__callStatic('session', [])
11 SYSTEMPATH\Common.php(998): CodeIgniter\Config\BaseService::get('session')
12 SYSTEMPATH\Common.php(971): service('session')
13 APPPATH\Controllers\Anasayfa.php(15): session()
14 SYSTEMPATH\CodeIgniter.php(933): App\Controllers\Anasayfa->login()
15 SYSTEMPATH\CodeIgniter.php(509): CodeIgniter\CodeIgniter->runController(Object(App\Controllers\Anasayfa))
16 SYSTEMPATH\CodeIgniter.php(355): CodeIgniter\CodeIgniter->handleRequest(null, Object(Config\Cache), false)
17 SYSTEMPATH\Boot.php(325): CodeIgniter\CodeIgniter->run()
18 SYSTEMPATH\Boot.php(67): CodeIgniter\Boot::runCodeIgniter(Object(CodeIgniter\CodeIgniter))
19 FCPATH\index.php(56): CodeIgniter\Boot::bootWeb(Object(Config\Paths))
CRITICAL - 2024-12-29 21:27:11 --> CodeIgniter\Session\Exceptions\SessionException: Session: Configured save path "C:\xampp\htdocs\FinalProjesi\code-5\writable\session" is not writable by the PHP process.
[Method: GET, Route: login]
in SYSTEMPATH\Session\Handlers\FileHandler.php on line 103.
 1 SYSTEMPATH\Session\Handlers\FileHandler.php(103): CodeIgniter\Session\Exceptions\SessionException::forWriteProtectedSavePath('C:\\xampp\\htdocs\\FinalProjesi\\code-5\\writable\\session')
 2 [internal function]: CodeIgniter\Session\Handlers\FileHandler->open('C:\\xampp\\htdocs\\FinalProjesi\\code-5\\writable\\session', 'ci_session')
 3 SYSTEMPATH\Session\Session.php(920): session_start()
 4 SYSTEMPATH\Session\Session.php(242): CodeIgniter\Session\Session->startSession()
 5 SYSTEMPATH\Config\Services.php(710): CodeIgniter\Session\Session->start()
 6 SYSTEMPATH\Config\BaseService.php(312): CodeIgniter\Config\Services::session(Object(Config\Session), false)
 7 SYSTEMPATH\Config\BaseService.php(251): CodeIgniter\Config\BaseService::__callStatic('session', [...])
 8 SYSTEMPATH\Config\Services.php(668): CodeIgniter\Config\BaseService::getSharedInstance('session', null)
 9 SYSTEMPATH\Config\BaseService.php(321): CodeIgniter\Config\Services::session()
10 SYSTEMPATH\Config\BaseService.php(202): CodeIgniter\Config\BaseService::__callStatic('session', [])
11 SYSTEMPATH\Common.php(998): CodeIgniter\Config\BaseService::get('session')
12 SYSTEMPATH\Common.php(971): service('session')
13 APPPATH\Controllers\Anasayfa.php(15): session()
14 SYSTEMPATH\CodeIgniter.php(933): App\Controllers\Anasayfa->login()
15 SYSTEMPATH\CodeIgniter.php(509): CodeIgniter\CodeIgniter->runController(Object(App\Controllers\Anasayfa))
16 SYSTEMPATH\CodeIgniter.php(355): CodeIgniter\CodeIgniter->handleRequest(null, Object(Config\Cache), false)
17 SYSTEMPATH\Boot.php(325): CodeIgniter\CodeIgniter->run()
18 SYSTEMPATH\Boot.php(67): CodeIgniter\Boot::runCodeIgniter(Object(CodeIgniter\CodeIgniter))
19 FCPATH\index.php(56): CodeIgniter\Boot::bootWeb(Object(Config\Paths))
