CRITICAL - 2025-01-02 00:35:24 --> CodeIgniter\View\Exceptions\ViewException: Invalid file: "admin/login.php"
[Method: POST, Route: login]
in SYSTEMPATH\Exceptions\FrameworkException.php on line 41.
 1 SYSTEMPATH\View\View.php(222): CodeIgniter\Exceptions\FrameworkException::forInvalidFile('admin/login.php')
 2 SYSTEMPATH\Common.php(1171): CodeIgniter\View\View->render('admin/login', [], true)
 3 APPPATH\Controllers\Anasayfa.php(39): view('admin/login')
 4 SYSTEMPATH\CodeIgniter.php(933): App\Controllers\Anasayfa->login()
 5 SYSTEMPATH\CodeIgniter.php(509): CodeIgniter\CodeIgniter->runController(Object(App\Controllers\Anasayfa))
 6 SYSTEMPATH\CodeIgniter.php(355): CodeIgniter\CodeIgniter->handleRequest(null, Object(Config\Cache), false)
 7 SYSTEMPATH\Boot.php(325): CodeIgniter\CodeIgniter->run()
 8 SYSTEMPATH\Boot.php(67): CodeIgniter\Boot::runCodeIgniter(Object(CodeIgniter\CodeIgniter))
 9 FCPATH\index.php(56): CodeIgniter\Boot::bootWeb(Object(Config\Paths))
CRITICAL - 2025-01-02 01:10:49 --> ErrorException: Undefined variable $kulad
[Method: GET, Route: login]
in APPPATH\Views\tema\header.php on line 119.
 1 APPPATH\Views\tema\header.php(119): CodeIgniter\Debug\Exceptions->errorHandler(2, 'Undefined variable $kulad', 'C:\\xampp\\htdocs\\pasazade\\app\\Views\\tema\\header.php', 119)
 2 SYSTEMPATH\View\View.php(234): include('C:\\xampp\\htdocs\\pasazade\\app\\Views\\tema\\header.php')
 3 SYSTEMPATH\View\View.php(237): CodeIgniter\View\View->CodeIgniter\View\{closure}()
 4 SYSTEMPATH\Common.php(1171): CodeIgniter\View\View->render('tema/header', [], true)
 5 APPPATH\Controllers\Anasayfa.php(28): view('tema/header')
 6 SYSTEMPATH\CodeIgniter.php(933): App\Controllers\Anasayfa->login()
 7 SYSTEMPATH\CodeIgniter.php(509): CodeIgniter\CodeIgniter->runController(Object(App\Controllers\Anasayfa))
 8 SYSTEMPATH\CodeIgniter.php(355): CodeIgniter\CodeIgniter->handleRequest(null, Object(Config\Cache), false)
 9 SYSTEMPATH\Boot.php(325): CodeIgniter\CodeIgniter->run()
10 SYSTEMPATH\Boot.php(67): CodeIgniter\Boot::runCodeIgniter(Object(CodeIgniter\CodeIgniter))
11 FCPATH\index.php(56): CodeIgniter\Boot::bootWeb(Object(Config\Paths))
CRITICAL - 2025-01-02 01:10:51 --> ErrorException: Undefined variable $kulad
[Method: GET, Route: panel]
in APPPATH\Views\tema\header.php on line 119.
 1 APPPATH\Views\tema\header.php(119): CodeIgniter\Debug\Exceptions->errorHandler(2, 'Undefined variable $kulad', 'C:\\xampp\\htdocs\\pasazade\\app\\Views\\tema\\header.php', 119)
 2 SYSTEMPATH\View\View.php(234): include('C:\\xampp\\htdocs\\pasazade\\app\\Views\\tema\\header.php')
 3 SYSTEMPATH\View\View.php(237): CodeIgniter\View\View->CodeIgniter\View\{closure}()
 4 SYSTEMPATH\Common.php(1171): CodeIgniter\View\View->render('tema/header', [], true)
 5 APPPATH\Controllers\Anasayfa.php(95): view('tema/header')
 6 SYSTEMPATH\CodeIgniter.php(933): App\Controllers\Anasayfa->panel()
 7 SYSTEMPATH\CodeIgniter.php(509): CodeIgniter\CodeIgniter->runController(Object(App\Controllers\Anasayfa))
 8 SYSTEMPATH\CodeIgniter.php(355): CodeIgniter\CodeIgniter->handleRequest(null, Object(Config\Cache), false)
 9 SYSTEMPATH\Boot.php(325): CodeIgniter\CodeIgniter->run()
10 SYSTEMPATH\Boot.php(67): CodeIgniter\Boot::runCodeIgniter(Object(CodeIgniter\CodeIgniter))
11 FCPATH\index.php(56): CodeIgniter\Boot::bootWeb(Object(Config\Paths))
CRITICAL - 2025-01-02 01:10:53 --> ErrorException: Undefined variable $kulad
[Method: GET, Route: login]
in APPPATH\Views\tema\header.php on line 119.
 1 APPPATH\Views\tema\header.php(119): CodeIgniter\Debug\Exceptions->errorHandler(2, 'Undefined variable $kulad', 'C:\\xampp\\htdocs\\pasazade\\app\\Views\\tema\\header.php', 119)
 2 SYSTEMPATH\View\View.php(234): include('C:\\xampp\\htdocs\\pasazade\\app\\Views\\tema\\header.php')
 3 SYSTEMPATH\View\View.php(237): CodeIgniter\View\View->CodeIgniter\View\{closure}()
 4 SYSTEMPATH\Common.php(1171): CodeIgniter\View\View->render('tema/header', [], true)
 5 APPPATH\Controllers\Anasayfa.php(28): view('tema/header')
 6 SYSTEMPATH\CodeIgniter.php(933): App\Controllers\Anasayfa->login()
 7 SYSTEMPATH\CodeIgniter.php(509): CodeIgniter\CodeIgniter->runController(Object(App\Controllers\Anasayfa))
 8 SYSTEMPATH\CodeIgniter.php(355): CodeIgniter\CodeIgniter->handleRequest(null, Object(Config\Cache), false)
 9 SYSTEMPATH\Boot.php(325): CodeIgniter\CodeIgniter->run()
10 SYSTEMPATH\Boot.php(67): CodeIgniter\Boot::runCodeIgniter(Object(CodeIgniter\CodeIgniter))
11 FCPATH\index.php(56): CodeIgniter\Boot::bootWeb(Object(Config\Paths))
CRITICAL - 2025-01-02 01:10:56 --> ErrorException: Undefined variable $kulad
[Method: GET, Route: panel]
in APPPATH\Views\tema\header.php on line 119.
 1 APPPATH\Views\tema\header.php(119): CodeIgniter\Debug\Exceptions->errorHandler(2, 'Undefined variable $kulad', 'C:\\xampp\\htdocs\\pasazade\\app\\Views\\tema\\header.php', 119)
 2 SYSTEMPATH\View\View.php(234): include('C:\\xampp\\htdocs\\pasazade\\app\\Views\\tema\\header.php')
 3 SYSTEMPATH\View\View.php(237): CodeIgniter\View\View->CodeIgniter\View\{closure}()
 4 SYSTEMPATH\Common.php(1171): CodeIgniter\View\View->render('tema/header', [], true)
 5 APPPATH\Controllers\Anasayfa.php(95): view('tema/header')
 6 SYSTEMPATH\CodeIgniter.php(933): App\Controllers\Anasayfa->panel()
 7 SYSTEMPATH\CodeIgniter.php(509): CodeIgniter\CodeIgniter->runController(Object(App\Controllers\Anasayfa))
 8 SYSTEMPATH\CodeIgniter.php(355): CodeIgniter\CodeIgniter->handleRequest(null, Object(Config\Cache), false)
 9 SYSTEMPATH\Boot.php(325): CodeIgniter\CodeIgniter->run()
10 SYSTEMPATH\Boot.php(67): CodeIgniter\Boot::runCodeIgniter(Object(CodeIgniter\CodeIgniter))
11 FCPATH\index.php(56): CodeIgniter\Boot::bootWeb(Object(Config\Paths))
CRITICAL - 2025-01-02 01:10:57 --> ErrorException: Undefined variable $kulad
[Method: GET, Route: login]
in APPPATH\Views\tema\header.php on line 119.
 1 APPPATH\Views\tema\header.php(119): CodeIgniter\Debug\Exceptions->errorHandler(2, 'Undefined variable $kulad', 'C:\\xampp\\htdocs\\pasazade\\app\\Views\\tema\\header.php', 119)
 2 SYSTEMPATH\View\View.php(234): include('C:\\xampp\\htdocs\\pasazade\\app\\Views\\tema\\header.php')
 3 SYSTEMPATH\View\View.php(237): CodeIgniter\View\View->CodeIgniter\View\{closure}()
 4 SYSTEMPATH\Common.php(1171): CodeIgniter\View\View->render('tema/header', [], true)
 5 APPPATH\Controllers\Anasayfa.php(28): view('tema/header')
 6 SYSTEMPATH\CodeIgniter.php(933): App\Controllers\Anasayfa->login()
 7 SYSTEMPATH\CodeIgniter.php(509): CodeIgniter\CodeIgniter->runController(Object(App\Controllers\Anasayfa))
 8 SYSTEMPATH\CodeIgniter.php(355): CodeIgniter\CodeIgniter->handleRequest(null, Object(Config\Cache), false)
 9 SYSTEMPATH\Boot.php(325): CodeIgniter\CodeIgniter->run()
10 SYSTEMPATH\Boot.php(67): CodeIgniter\Boot::runCodeIgniter(Object(CodeIgniter\CodeIgniter))
11 FCPATH\index.php(56): CodeIgniter\Boot::bootWeb(Object(Config\Paths))
CRITICAL - 2025-01-02 01:11:02 --> ErrorException: Undefined variable $kulad
[Method: GET, Route: /]
in APPPATH\Views\tema\header.php on line 119.
 1 APPPATH\Views\tema\header.php(119): CodeIgniter\Debug\Exceptions->errorHandler(2, 'Undefined variable $kulad', 'C:\\xampp\\htdocs\\pasazade\\app\\Views\\tema\\header.php', 119)
 2 SYSTEMPATH\View\View.php(234): include('C:\\xampp\\htdocs\\pasazade\\app\\Views\\tema\\header.php')
 3 SYSTEMPATH\View\View.php(237): CodeIgniter\View\View->CodeIgniter\View\{closure}()
 4 SYSTEMPATH\Common.php(1171): CodeIgniter\View\View->render('tema/header', [], true)
 5 APPPATH\Controllers\Anasayfa.php(13): view('tema/header')
 6 SYSTEMPATH\CodeIgniter.php(933): App\Controllers\Anasayfa->index()
 7 SYSTEMPATH\CodeIgniter.php(509): CodeIgniter\CodeIgniter->runController(Object(App\Controllers\Anasayfa))
 8 SYSTEMPATH\CodeIgniter.php(355): CodeIgniter\CodeIgniter->handleRequest(null, Object(Config\Cache), false)
 9 SYSTEMPATH\Boot.php(325): CodeIgniter\CodeIgniter->run()
10 SYSTEMPATH\Boot.php(67): CodeIgniter\Boot::runCodeIgniter(Object(CodeIgniter\CodeIgniter))
11 FCPATH\index.php(56): CodeIgniter\Boot::bootWeb(Object(Config\Paths))
CRITICAL - 2025-01-02 01:11:04 --> ErrorException: Undefined variable $kulad
[Method: GET, Route: /]
in APPPATH\Views\tema\header.php on line 119.
 1 APPPATH\Views\tema\header.php(119): CodeIgniter\Debug\Exceptions->errorHandler(2, 'Undefined variable $kulad', 'C:\\xampp\\htdocs\\pasazade\\app\\Views\\tema\\header.php', 119)
 2 SYSTEMPATH\View\View.php(234): include('C:\\xampp\\htdocs\\pasazade\\app\\Views\\tema\\header.php')
 3 SYSTEMPATH\View\View.php(237): CodeIgniter\View\View->CodeIgniter\View\{closure}()
 4 SYSTEMPATH\Common.php(1171): CodeIgniter\View\View->render('tema/header', [], true)
 5 APPPATH\Controllers\Anasayfa.php(13): view('tema/header')
 6 SYSTEMPATH\CodeIgniter.php(933): App\Controllers\Anasayfa->index()
 7 SYSTEMPATH\CodeIgniter.php(509): CodeIgniter\CodeIgniter->runController(Object(App\Controllers\Anasayfa))
 8 SYSTEMPATH\CodeIgniter.php(355): CodeIgniter\CodeIgniter->handleRequest(null, Object(Config\Cache), false)
 9 SYSTEMPATH\Boot.php(325): CodeIgniter\CodeIgniter->run()
10 SYSTEMPATH\Boot.php(67): CodeIgniter\Boot::runCodeIgniter(Object(CodeIgniter\CodeIgniter))
11 FCPATH\index.php(56): CodeIgniter\Boot::bootWeb(Object(Config\Paths))
CRITICAL - 2025-01-02 01:11:05 --> ErrorException: Undefined variable $kulad
[Method: GET, Route: /]
in APPPATH\Views\tema\header.php on line 119.
 1 APPPATH\Views\tema\header.php(119): CodeIgniter\Debug\Exceptions->errorHandler(2, 'Undefined variable $kulad', 'C:\\xampp\\htdocs\\pasazade\\app\\Views\\tema\\header.php', 119)
 2 SYSTEMPATH\View\View.php(234): include('C:\\xampp\\htdocs\\pasazade\\app\\Views\\tema\\header.php')
 3 SYSTEMPATH\View\View.php(237): CodeIgniter\View\View->CodeIgniter\View\{closure}()
 4 SYSTEMPATH\Common.php(1171): CodeIgniter\View\View->render('tema/header', [], true)
 5 APPPATH\Controllers\Anasayfa.php(13): view('tema/header')
 6 SYSTEMPATH\CodeIgniter.php(933): App\Controllers\Anasayfa->index()
 7 SYSTEMPATH\CodeIgniter.php(509): CodeIgniter\CodeIgniter->runController(Object(App\Controllers\Anasayfa))
 8 SYSTEMPATH\CodeIgniter.php(355): CodeIgniter\CodeIgniter->handleRequest(null, Object(Config\Cache), false)
 9 SYSTEMPATH\Boot.php(325): CodeIgniter\CodeIgniter->run()
10 SYSTEMPATH\Boot.php(67): CodeIgniter\Boot::runCodeIgniter(Object(CodeIgniter\CodeIgniter))
11 FCPATH\index.php(56): CodeIgniter\Boot::bootWeb(Object(Config\Paths))
CRITICAL - 2025-01-02 01:11:11 --> ErrorException: Undefined variable $kulad
[Method: GET, Route: /]
in APPPATH\Views\tema\header.php on line 119.
 1 APPPATH\Views\tema\header.php(119): CodeIgniter\Debug\Exceptions->errorHandler(2, 'Undefined variable $kulad', 'C:\\xampp\\htdocs\\pasazade\\app\\Views\\tema\\header.php', 119)
 2 SYSTEMPATH\View\View.php(234): include('C:\\xampp\\htdocs\\pasazade\\app\\Views\\tema\\header.php')
 3 SYSTEMPATH\View\View.php(237): CodeIgniter\View\View->CodeIgniter\View\{closure}()
 4 SYSTEMPATH\Common.php(1171): CodeIgniter\View\View->render('tema/header', [], true)
 5 APPPATH\Controllers\Anasayfa.php(13): view('tema/header')
 6 SYSTEMPATH\CodeIgniter.php(933): App\Controllers\Anasayfa->index()
 7 SYSTEMPATH\CodeIgniter.php(509): CodeIgniter\CodeIgniter->runController(Object(App\Controllers\Anasayfa))
 8 SYSTEMPATH\CodeIgniter.php(355): CodeIgniter\CodeIgniter->handleRequest(null, Object(Config\Cache), false)
 9 SYSTEMPATH\Boot.php(325): CodeIgniter\CodeIgniter->run()
10 SYSTEMPATH\Boot.php(67): CodeIgniter\Boot::runCodeIgniter(Object(CodeIgniter\CodeIgniter))
11 FCPATH\index.php(56): CodeIgniter\Boot::bootWeb(Object(Config\Paths))
CRITICAL - 2025-01-02 01:11:35 --> ErrorException: Undefined variable $kulad
[Method: GET, Route: /]
in APPPATH\Views\tema\header.php on line 119.
 1 APPPATH\Views\tema\header.php(119): CodeIgniter\Debug\Exceptions->errorHandler(2, 'Undefined variable $kulad', 'C:\\xampp\\htdocs\\pasazade\\app\\Views\\tema\\header.php', 119)
 2 SYSTEMPATH\View\View.php(234): include('C:\\xampp\\htdocs\\pasazade\\app\\Views\\tema\\header.php')
 3 SYSTEMPATH\View\View.php(237): CodeIgniter\View\View->CodeIgniter\View\{closure}()
 4 SYSTEMPATH\Common.php(1171): CodeIgniter\View\View->render('tema/header', [], true)
 5 APPPATH\Controllers\Anasayfa.php(13): view('tema/header')
 6 SYSTEMPATH\CodeIgniter.php(933): App\Controllers\Anasayfa->index()
 7 SYSTEMPATH\CodeIgniter.php(509): CodeIgniter\CodeIgniter->runController(Object(App\Controllers\Anasayfa))
 8 SYSTEMPATH\CodeIgniter.php(355): CodeIgniter\CodeIgniter->handleRequest(null, Object(Config\Cache), false)
 9 SYSTEMPATH\Boot.php(325): CodeIgniter\CodeIgniter->run()
10 SYSTEMPATH\Boot.php(67): CodeIgniter\Boot::runCodeIgniter(Object(CodeIgniter\CodeIgniter))
11 FCPATH\index.php(56): CodeIgniter\Boot::bootWeb(Object(Config\Paths))
CRITICAL - 2025-01-02 01:11:36 --> ErrorException: Undefined variable $kulad
[Method: GET, Route: /]
in APPPATH\Views\tema\header.php on line 119.
 1 APPPATH\Views\tema\header.php(119): CodeIgniter\Debug\Exceptions->errorHandler(2, 'Undefined variable $kulad', 'C:\\xampp\\htdocs\\pasazade\\app\\Views\\tema\\header.php', 119)
 2 SYSTEMPATH\View\View.php(234): include('C:\\xampp\\htdocs\\pasazade\\app\\Views\\tema\\header.php')
 3 SYSTEMPATH\View\View.php(237): CodeIgniter\View\View->CodeIgniter\View\{closure}()
 4 SYSTEMPATH\Common.php(1171): CodeIgniter\View\View->render('tema/header', [], true)
 5 APPPATH\Controllers\Anasayfa.php(13): view('tema/header')
 6 SYSTEMPATH\CodeIgniter.php(933): App\Controllers\Anasayfa->index()
 7 SYSTEMPATH\CodeIgniter.php(509): CodeIgniter\CodeIgniter->runController(Object(App\Controllers\Anasayfa))
 8 SYSTEMPATH\CodeIgniter.php(355): CodeIgniter\CodeIgniter->handleRequest(null, Object(Config\Cache), false)
 9 SYSTEMPATH\Boot.php(325): CodeIgniter\CodeIgniter->run()
10 SYSTEMPATH\Boot.php(67): CodeIgniter\Boot::runCodeIgniter(Object(CodeIgniter\CodeIgniter))
11 FCPATH\index.php(56): CodeIgniter\Boot::bootWeb(Object(Config\Paths))
CRITICAL - 2025-01-02 01:11:45 --> ErrorException: Undefined variable $kulad
[Method: GET, Route: /]
in APPPATH\Views\tema\header.php on line 119.
 1 APPPATH\Views\tema\header.php(119): CodeIgniter\Debug\Exceptions->errorHandler(2, 'Undefined variable $kulad', 'C:\\xampp\\htdocs\\pasazade\\app\\Views\\tema\\header.php', 119)
 2 SYSTEMPATH\View\View.php(234): include('C:\\xampp\\htdocs\\pasazade\\app\\Views\\tema\\header.php')
 3 SYSTEMPATH\View\View.php(237): CodeIgniter\View\View->CodeIgniter\View\{closure}()
 4 SYSTEMPATH\Common.php(1171): CodeIgniter\View\View->render('tema/header', [], true)
 5 APPPATH\Controllers\Anasayfa.php(13): view('tema/header')
 6 SYSTEMPATH\CodeIgniter.php(933): App\Controllers\Anasayfa->index()
 7 SYSTEMPATH\CodeIgniter.php(509): CodeIgniter\CodeIgniter->runController(Object(App\Controllers\Anasayfa))
 8 SYSTEMPATH\CodeIgniter.php(355): CodeIgniter\CodeIgniter->handleRequest(null, Object(Config\Cache), false)
 9 SYSTEMPATH\Boot.php(325): CodeIgniter\CodeIgniter->run()
10 SYSTEMPATH\Boot.php(67): CodeIgniter\Boot::runCodeIgniter(Object(CodeIgniter\CodeIgniter))
11 FCPATH\index.php(56): CodeIgniter\Boot::bootWeb(Object(Config\Paths))
CRITICAL - 2025-01-02 01:12:01 --> ErrorException: Undefined variable $kulad
[Method: GET, Route: /]
in APPPATH\Views\tema\header.php on line 119.
 1 APPPATH\Views\tema\header.php(119): CodeIgniter\Debug\Exceptions->errorHandler(2, 'Undefined variable $kulad', 'C:\\xampp\\htdocs\\pasazade\\app\\Views\\tema\\header.php', 119)
 2 SYSTEMPATH\View\View.php(234): include('C:\\xampp\\htdocs\\pasazade\\app\\Views\\tema\\header.php')
 3 SYSTEMPATH\View\View.php(237): CodeIgniter\View\View->CodeIgniter\View\{closure}()
 4 SYSTEMPATH\Common.php(1171): CodeIgniter\View\View->render('tema/header', [], true)
 5 APPPATH\Controllers\Anasayfa.php(13): view('tema/header')
 6 SYSTEMPATH\CodeIgniter.php(933): App\Controllers\Anasayfa->index()
 7 SYSTEMPATH\CodeIgniter.php(509): CodeIgniter\CodeIgniter->runController(Object(App\Controllers\Anasayfa))
 8 SYSTEMPATH\CodeIgniter.php(355): CodeIgniter\CodeIgniter->handleRequest(null, Object(Config\Cache), false)
 9 SYSTEMPATH\Boot.php(325): CodeIgniter\CodeIgniter->run()
10 SYSTEMPATH\Boot.php(67): CodeIgniter\Boot::runCodeIgniter(Object(CodeIgniter\CodeIgniter))
11 FCPATH\index.php(56): CodeIgniter\Boot::bootWeb(Object(Config\Paths))
CRITICAL - 2025-01-02 01:12:09 --> ErrorException: Undefined variable $kulad
[Method: GET, Route: /]
in APPPATH\Views\tema\header.php on line 121.
 1 APPPATH\Views\tema\header.php(121): CodeIgniter\Debug\Exceptions->errorHandler(2, 'Undefined variable $kulad', 'C:\\xampp\\htdocs\\pasazade\\app\\Views\\tema\\header.php', 121)
 2 SYSTEMPATH\View\View.php(234): include('C:\\xampp\\htdocs\\pasazade\\app\\Views\\tema\\header.php')
 3 SYSTEMPATH\View\View.php(237): CodeIgniter\View\View->CodeIgniter\View\{closure}()
 4 SYSTEMPATH\Common.php(1171): CodeIgniter\View\View->render('tema/header', [], true)
 5 APPPATH\Controllers\Anasayfa.php(13): view('tema/header')
 6 SYSTEMPATH\CodeIgniter.php(933): App\Controllers\Anasayfa->index()
 7 SYSTEMPATH\CodeIgniter.php(509): CodeIgniter\CodeIgniter->runController(Object(App\Controllers\Anasayfa))
 8 SYSTEMPATH\CodeIgniter.php(355): CodeIgniter\CodeIgniter->handleRequest(null, Object(Config\Cache), false)
 9 SYSTEMPATH\Boot.php(325): CodeIgniter\CodeIgniter->run()
10 SYSTEMPATH\Boot.php(67): CodeIgniter\Boot::runCodeIgniter(Object(CodeIgniter\CodeIgniter))
11 FCPATH\index.php(56): CodeIgniter\Boot::bootWeb(Object(Config\Paths))
CRITICAL - 2025-01-02 01:12:19 --> ErrorException: Undefined variable $kulad
[Method: GET, Route: /]
in APPPATH\Views\tema\header.php on line 120.
 1 APPPATH\Views\tema\header.php(120): CodeIgniter\Debug\Exceptions->errorHandler(2, 'Undefined variable $kulad', 'C:\\xampp\\htdocs\\pasazade\\app\\Views\\tema\\header.php', 120)
 2 SYSTEMPATH\View\View.php(234): include('C:\\xampp\\htdocs\\pasazade\\app\\Views\\tema\\header.php')
 3 SYSTEMPATH\View\View.php(237): CodeIgniter\View\View->CodeIgniter\View\{closure}()
 4 SYSTEMPATH\Common.php(1171): CodeIgniter\View\View->render('tema/header', [], true)
 5 APPPATH\Controllers\Anasayfa.php(13): view('tema/header')
 6 SYSTEMPATH\CodeIgniter.php(933): App\Controllers\Anasayfa->index()
 7 SYSTEMPATH\CodeIgniter.php(509): CodeIgniter\CodeIgniter->runController(Object(App\Controllers\Anasayfa))
 8 SYSTEMPATH\CodeIgniter.php(355): CodeIgniter\CodeIgniter->handleRequest(null, Object(Config\Cache), false)
 9 SYSTEMPATH\Boot.php(325): CodeIgniter\CodeIgniter->run()
10 SYSTEMPATH\Boot.php(67): CodeIgniter\Boot::runCodeIgniter(Object(CodeIgniter\CodeIgniter))
11 FCPATH\index.php(56): CodeIgniter\Boot::bootWeb(Object(Config\Paths))
CRITICAL - 2025-01-02 01:12:32 --> ErrorException: Undefined variable $kulad
[Method: GET, Route: /]
in APPPATH\Views\tema\header.php on line 120.
 1 APPPATH\Views\tema\header.php(120): CodeIgniter\Debug\Exceptions->errorHandler(2, 'Undefined variable $kulad', 'C:\\xampp\\htdocs\\pasazade\\app\\Views\\tema\\header.php', 120)
 2 SYSTEMPATH\View\View.php(234): include('C:\\xampp\\htdocs\\pasazade\\app\\Views\\tema\\header.php')
 3 SYSTEMPATH\View\View.php(237): CodeIgniter\View\View->CodeIgniter\View\{closure}()
 4 SYSTEMPATH\Common.php(1171): CodeIgniter\View\View->render('tema/header', [], true)
 5 APPPATH\Controllers\Anasayfa.php(13): view('tema/header')
 6 SYSTEMPATH\CodeIgniter.php(933): App\Controllers\Anasayfa->index()
 7 SYSTEMPATH\CodeIgniter.php(509): CodeIgniter\CodeIgniter->runController(Object(App\Controllers\Anasayfa))
 8 SYSTEMPATH\CodeIgniter.php(355): CodeIgniter\CodeIgniter->handleRequest(null, Object(Config\Cache), false)
 9 SYSTEMPATH\Boot.php(325): CodeIgniter\CodeIgniter->run()
10 SYSTEMPATH\Boot.php(67): CodeIgniter\Boot::runCodeIgniter(Object(CodeIgniter\CodeIgniter))
11 FCPATH\index.php(56): CodeIgniter\Boot::bootWeb(Object(Config\Paths))
CRITICAL - 2025-01-02 01:12:44 --> ErrorException: Undefined variable $kulad
[Method: GET, Route: /]
in APPPATH\Views\tema\header.php on line 121.
 1 APPPATH\Views\tema\header.php(121): CodeIgniter\Debug\Exceptions->errorHandler(2, 'Undefined variable $kulad', 'C:\\xampp\\htdocs\\pasazade\\app\\Views\\tema\\header.php', 121)
 2 SYSTEMPATH\View\View.php(234): include('C:\\xampp\\htdocs\\pasazade\\app\\Views\\tema\\header.php')
 3 SYSTEMPATH\View\View.php(237): CodeIgniter\View\View->CodeIgniter\View\{closure}()
 4 SYSTEMPATH\Common.php(1171): CodeIgniter\View\View->render('tema/header', [], true)
 5 APPPATH\Controllers\Anasayfa.php(13): view('tema/header')
 6 SYSTEMPATH\CodeIgniter.php(933): App\Controllers\Anasayfa->index()
 7 SYSTEMPATH\CodeIgniter.php(509): CodeIgniter\CodeIgniter->runController(Object(App\Controllers\Anasayfa))
 8 SYSTEMPATH\CodeIgniter.php(355): CodeIgniter\CodeIgniter->handleRequest(null, Object(Config\Cache), false)
 9 SYSTEMPATH\Boot.php(325): CodeIgniter\CodeIgniter->run()
10 SYSTEMPATH\Boot.php(67): CodeIgniter\Boot::runCodeIgniter(Object(CodeIgniter\CodeIgniter))
11 FCPATH\index.php(56): CodeIgniter\Boot::bootWeb(Object(Config\Paths))
CRITICAL - 2025-01-02 01:12:54 --> ErrorException: Undefined variable $kulad
[Method: GET, Route: /]
in APPPATH\Views\tema\header.php on line 120.
 1 APPPATH\Views\tema\header.php(120): CodeIgniter\Debug\Exceptions->errorHandler(2, 'Undefined variable $kulad', 'C:\\xampp\\htdocs\\pasazade\\app\\Views\\tema\\header.php', 120)
 2 SYSTEMPATH\View\View.php(234): include('C:\\xampp\\htdocs\\pasazade\\app\\Views\\tema\\header.php')
 3 SYSTEMPATH\View\View.php(237): CodeIgniter\View\View->CodeIgniter\View\{closure}()
 4 SYSTEMPATH\Common.php(1171): CodeIgniter\View\View->render('tema/header', [], true)
 5 APPPATH\Controllers\Anasayfa.php(13): view('tema/header')
 6 SYSTEMPATH\CodeIgniter.php(933): App\Controllers\Anasayfa->index()
 7 SYSTEMPATH\CodeIgniter.php(509): CodeIgniter\CodeIgniter->runController(Object(App\Controllers\Anasayfa))
 8 SYSTEMPATH\CodeIgniter.php(355): CodeIgniter\CodeIgniter->handleRequest(null, Object(Config\Cache), false)
 9 SYSTEMPATH\Boot.php(325): CodeIgniter\CodeIgniter->run()
10 SYSTEMPATH\Boot.php(67): CodeIgniter\Boot::runCodeIgniter(Object(CodeIgniter\CodeIgniter))
11 FCPATH\index.php(56): CodeIgniter\Boot::bootWeb(Object(Config\Paths))
CRITICAL - 2025-01-02 01:13:01 --> ErrorException: Undefined variable $kulad
[Method: GET, Route: /]
in APPPATH\Views\tema\header.php on line 120.
 1 APPPATH\Views\tema\header.php(120): CodeIgniter\Debug\Exceptions->errorHandler(2, 'Undefined variable $kulad', 'C:\\xampp\\htdocs\\pasazade\\app\\Views\\tema\\header.php', 120)
 2 SYSTEMPATH\View\View.php(234): include('C:\\xampp\\htdocs\\pasazade\\app\\Views\\tema\\header.php')
 3 SYSTEMPATH\View\View.php(237): CodeIgniter\View\View->CodeIgniter\View\{closure}()
 4 SYSTEMPATH\Common.php(1171): CodeIgniter\View\View->render('tema/header', [], true)
 5 APPPATH\Controllers\Anasayfa.php(13): view('tema/header')
 6 SYSTEMPATH\CodeIgniter.php(933): App\Controllers\Anasayfa->index()
 7 SYSTEMPATH\CodeIgniter.php(509): CodeIgniter\CodeIgniter->runController(Object(App\Controllers\Anasayfa))
 8 SYSTEMPATH\CodeIgniter.php(355): CodeIgniter\CodeIgniter->handleRequest(null, Object(Config\Cache), false)
 9 SYSTEMPATH\Boot.php(325): CodeIgniter\CodeIgniter->run()
10 SYSTEMPATH\Boot.php(67): CodeIgniter\Boot::runCodeIgniter(Object(CodeIgniter\CodeIgniter))
11 FCPATH\index.php(56): CodeIgniter\Boot::bootWeb(Object(Config\Paths))
CRITICAL - 2025-01-02 01:13:08 --> ErrorException: Undefined variable $kulad
[Method: GET, Route: /]
in APPPATH\Views\tema\header.php on line 119.
 1 APPPATH\Views\tema\header.php(119): CodeIgniter\Debug\Exceptions->errorHandler(2, 'Undefined variable $kulad', 'C:\\xampp\\htdocs\\pasazade\\app\\Views\\tema\\header.php', 119)
 2 SYSTEMPATH\View\View.php(234): include('C:\\xampp\\htdocs\\pasazade\\app\\Views\\tema\\header.php')
 3 SYSTEMPATH\View\View.php(237): CodeIgniter\View\View->CodeIgniter\View\{closure}()
 4 SYSTEMPATH\Common.php(1171): CodeIgniter\View\View->render('tema/header', [], true)
 5 APPPATH\Controllers\Anasayfa.php(13): view('tema/header')
 6 SYSTEMPATH\CodeIgniter.php(933): App\Controllers\Anasayfa->index()
 7 SYSTEMPATH\CodeIgniter.php(509): CodeIgniter\CodeIgniter->runController(Object(App\Controllers\Anasayfa))
 8 SYSTEMPATH\CodeIgniter.php(355): CodeIgniter\CodeIgniter->handleRequest(null, Object(Config\Cache), false)
 9 SYSTEMPATH\Boot.php(325): CodeIgniter\CodeIgniter->run()
10 SYSTEMPATH\Boot.php(67): CodeIgniter\Boot::runCodeIgniter(Object(CodeIgniter\CodeIgniter))
11 FCPATH\index.php(56): CodeIgniter\Boot::bootWeb(Object(Config\Paths))
CRITICAL - 2025-01-02 01:13:15 --> ErrorException: Undefined variable $kulad
[Method: GET, Route: /]
in APPPATH\Views\tema\header.php on line 120.
 1 APPPATH\Views\tema\header.php(120): CodeIgniter\Debug\Exceptions->errorHandler(2, 'Undefined variable $kulad', 'C:\\xampp\\htdocs\\pasazade\\app\\Views\\tema\\header.php', 120)
 2 SYSTEMPATH\View\View.php(234): include('C:\\xampp\\htdocs\\pasazade\\app\\Views\\tema\\header.php')
 3 SYSTEMPATH\View\View.php(237): CodeIgniter\View\View->CodeIgniter\View\{closure}()
 4 SYSTEMPATH\Common.php(1171): CodeIgniter\View\View->render('tema/header', [], true)
 5 APPPATH\Controllers\Anasayfa.php(13): view('tema/header')
 6 SYSTEMPATH\CodeIgniter.php(933): App\Controllers\Anasayfa->index()
 7 SYSTEMPATH\CodeIgniter.php(509): CodeIgniter\CodeIgniter->runController(Object(App\Controllers\Anasayfa))
 8 SYSTEMPATH\CodeIgniter.php(355): CodeIgniter\CodeIgniter->handleRequest(null, Object(Config\Cache), false)
 9 SYSTEMPATH\Boot.php(325): CodeIgniter\CodeIgniter->run()
10 SYSTEMPATH\Boot.php(67): CodeIgniter\Boot::runCodeIgniter(Object(CodeIgniter\CodeIgniter))
11 FCPATH\index.php(56): CodeIgniter\Boot::bootWeb(Object(Config\Paths))
CRITICAL - 2025-01-02 01:13:23 --> ErrorException: Undefined variable $kulad
[Method: GET, Route: /]
in APPPATH\Views\tema\header.php on line 120.
 1 APPPATH\Views\tema\header.php(120): CodeIgniter\Debug\Exceptions->errorHandler(2, 'Undefined variable $kulad', 'C:\\xampp\\htdocs\\pasazade\\app\\Views\\tema\\header.php', 120)
 2 SYSTEMPATH\View\View.php(234): include('C:\\xampp\\htdocs\\pasazade\\app\\Views\\tema\\header.php')
 3 SYSTEMPATH\View\View.php(237): CodeIgniter\View\View->CodeIgniter\View\{closure}()
 4 SYSTEMPATH\Common.php(1171): CodeIgniter\View\View->render('tema/header', [], true)
 5 APPPATH\Controllers\Anasayfa.php(13): view('tema/header')
 6 SYSTEMPATH\CodeIgniter.php(933): App\Controllers\Anasayfa->index()
 7 SYSTEMPATH\CodeIgniter.php(509): CodeIgniter\CodeIgniter->runController(Object(App\Controllers\Anasayfa))
 8 SYSTEMPATH\CodeIgniter.php(355): CodeIgniter\CodeIgniter->handleRequest(null, Object(Config\Cache), false)
 9 SYSTEMPATH\Boot.php(325): CodeIgniter\CodeIgniter->run()
10 SYSTEMPATH\Boot.php(67): CodeIgniter\Boot::runCodeIgniter(Object(CodeIgniter\CodeIgniter))
11 FCPATH\index.php(56): CodeIgniter\Boot::bootWeb(Object(Config\Paths))
CRITICAL - 2025-01-02 01:13:30 --> ErrorException: Undefined variable $kulad
[Method: GET, Route: /]
in APPPATH\Views\tema\header.php on line 121.
 1 APPPATH\Views\tema\header.php(121): CodeIgniter\Debug\Exceptions->errorHandler(2, 'Undefined variable $kulad', 'C:\\xampp\\htdocs\\pasazade\\app\\Views\\tema\\header.php', 121)
 2 SYSTEMPATH\View\View.php(234): include('C:\\xampp\\htdocs\\pasazade\\app\\Views\\tema\\header.php')
 3 SYSTEMPATH\View\View.php(237): CodeIgniter\View\View->CodeIgniter\View\{closure}()
 4 SYSTEMPATH\Common.php(1171): CodeIgniter\View\View->render('tema/header', [], true)
 5 APPPATH\Controllers\Anasayfa.php(13): view('tema/header')
 6 SYSTEMPATH\CodeIgniter.php(933): App\Controllers\Anasayfa->index()
 7 SYSTEMPATH\CodeIgniter.php(509): CodeIgniter\CodeIgniter->runController(Object(App\Controllers\Anasayfa))
 8 SYSTEMPATH\CodeIgniter.php(355): CodeIgniter\CodeIgniter->handleRequest(null, Object(Config\Cache), false)
 9 SYSTEMPATH\Boot.php(325): CodeIgniter\CodeIgniter->run()
10 SYSTEMPATH\Boot.php(67): CodeIgniter\Boot::runCodeIgniter(Object(CodeIgniter\CodeIgniter))
11 FCPATH\index.php(56): CodeIgniter\Boot::bootWeb(Object(Config\Paths))
CRITICAL - 2025-01-02 01:13:38 --> ErrorException: Undefined variable $kulad
[Method: GET, Route: /]
in APPPATH\Views\tema\header.php on line 121.
 1 APPPATH\Views\tema\header.php(121): CodeIgniter\Debug\Exceptions->errorHandler(2, 'Undefined variable $kulad', 'C:\\xampp\\htdocs\\pasazade\\app\\Views\\tema\\header.php', 121)
 2 SYSTEMPATH\View\View.php(234): include('C:\\xampp\\htdocs\\pasazade\\app\\Views\\tema\\header.php')
 3 SYSTEMPATH\View\View.php(237): CodeIgniter\View\View->CodeIgniter\View\{closure}()
 4 SYSTEMPATH\Common.php(1171): CodeIgniter\View\View->render('tema/header', [], true)
 5 APPPATH\Controllers\Anasayfa.php(13): view('tema/header')
 6 SYSTEMPATH\CodeIgniter.php(933): App\Controllers\Anasayfa->index()
 7 SYSTEMPATH\CodeIgniter.php(509): CodeIgniter\CodeIgniter->runController(Object(App\Controllers\Anasayfa))
 8 SYSTEMPATH\CodeIgniter.php(355): CodeIgniter\CodeIgniter->handleRequest(null, Object(Config\Cache), false)
 9 SYSTEMPATH\Boot.php(325): CodeIgniter\CodeIgniter->run()
10 SYSTEMPATH\Boot.php(67): CodeIgniter\Boot::runCodeIgniter(Object(CodeIgniter\CodeIgniter))
11 FCPATH\index.php(56): CodeIgniter\Boot::bootWeb(Object(Config\Paths))
CRITICAL - 2025-01-02 01:13:45 --> ErrorException: Undefined variable $kulad
[Method: GET, Route: /]
in APPPATH\Views\tema\header.php on line 121.
 1 APPPATH\Views\tema\header.php(121): CodeIgniter\Debug\Exceptions->errorHandler(2, 'Undefined variable $kulad', 'C:\\xampp\\htdocs\\pasazade\\app\\Views\\tema\\header.php', 121)
 2 SYSTEMPATH\View\View.php(234): include('C:\\xampp\\htdocs\\pasazade\\app\\Views\\tema\\header.php')
 3 SYSTEMPATH\View\View.php(237): CodeIgniter\View\View->CodeIgniter\View\{closure}()
 4 SYSTEMPATH\Common.php(1171): CodeIgniter\View\View->render('tema/header', [], true)
 5 APPPATH\Controllers\Anasayfa.php(13): view('tema/header')
 6 SYSTEMPATH\CodeIgniter.php(933): App\Controllers\Anasayfa->index()
 7 SYSTEMPATH\CodeIgniter.php(509): CodeIgniter\CodeIgniter->runController(Object(App\Controllers\Anasayfa))
 8 SYSTEMPATH\CodeIgniter.php(355): CodeIgniter\CodeIgniter->handleRequest(null, Object(Config\Cache), false)
 9 SYSTEMPATH\Boot.php(325): CodeIgniter\CodeIgniter->run()
10 SYSTEMPATH\Boot.php(67): CodeIgniter\Boot::runCodeIgniter(Object(CodeIgniter\CodeIgniter))
11 FCPATH\index.php(56): CodeIgniter\Boot::bootWeb(Object(Config\Paths))
CRITICAL - 2025-01-02 01:13:46 --> ErrorException: Undefined variable $kulad
[Method: GET, Route: /]
in APPPATH\Views\tema\header.php on line 121.
 1 APPPATH\Views\tema\header.php(121): CodeIgniter\Debug\Exceptions->errorHandler(2, 'Undefined variable $kulad', 'C:\\xampp\\htdocs\\pasazade\\app\\Views\\tema\\header.php', 121)
 2 SYSTEMPATH\View\View.php(234): include('C:\\xampp\\htdocs\\pasazade\\app\\Views\\tema\\header.php')
 3 SYSTEMPATH\View\View.php(237): CodeIgniter\View\View->CodeIgniter\View\{closure}()
 4 SYSTEMPATH\Common.php(1171): CodeIgniter\View\View->render('tema/header', [], true)
 5 APPPATH\Controllers\Anasayfa.php(13): view('tema/header')
 6 SYSTEMPATH\CodeIgniter.php(933): App\Controllers\Anasayfa->index()
 7 SYSTEMPATH\CodeIgniter.php(509): CodeIgniter\CodeIgniter->runController(Object(App\Controllers\Anasayfa))
 8 SYSTEMPATH\CodeIgniter.php(355): CodeIgniter\CodeIgniter->handleRequest(null, Object(Config\Cache), false)
 9 SYSTEMPATH\Boot.php(325): CodeIgniter\CodeIgniter->run()
10 SYSTEMPATH\Boot.php(67): CodeIgniter\Boot::runCodeIgniter(Object(CodeIgniter\CodeIgniter))
11 FCPATH\index.php(56): CodeIgniter\Boot::bootWeb(Object(Config\Paths))
CRITICAL - 2025-01-02 01:13:46 --> ErrorException: Undefined variable $kulad
[Method: GET, Route: /]
in APPPATH\Views\tema\header.php on line 121.
 1 APPPATH\Views\tema\header.php(121): CodeIgniter\Debug\Exceptions->errorHandler(2, 'Undefined variable $kulad', 'C:\\xampp\\htdocs\\pasazade\\app\\Views\\tema\\header.php', 121)
 2 SYSTEMPATH\View\View.php(234): include('C:\\xampp\\htdocs\\pasazade\\app\\Views\\tema\\header.php')
 3 SYSTEMPATH\View\View.php(237): CodeIgniter\View\View->CodeIgniter\View\{closure}()
 4 SYSTEMPATH\Common.php(1171): CodeIgniter\View\View->render('tema/header', [], true)
 5 APPPATH\Controllers\Anasayfa.php(13): view('tema/header')
 6 SYSTEMPATH\CodeIgniter.php(933): App\Controllers\Anasayfa->index()
 7 SYSTEMPATH\CodeIgniter.php(509): CodeIgniter\CodeIgniter->runController(Object(App\Controllers\Anasayfa))
 8 SYSTEMPATH\CodeIgniter.php(355): CodeIgniter\CodeIgniter->handleRequest(null, Object(Config\Cache), false)
 9 SYSTEMPATH\Boot.php(325): CodeIgniter\CodeIgniter->run()
10 SYSTEMPATH\Boot.php(67): CodeIgniter\Boot::runCodeIgniter(Object(CodeIgniter\CodeIgniter))
11 FCPATH\index.php(56): CodeIgniter\Boot::bootWeb(Object(Config\Paths))
CRITICAL - 2025-01-02 01:14:11 --> ErrorException: Undefined variable $kulad
[Method: GET, Route: /]
in APPPATH\Views\tema\header.php on line 121.
 1 APPPATH\Views\tema\header.php(121): CodeIgniter\Debug\Exceptions->errorHandler(2, 'Undefined variable $kulad', 'C:\\xampp\\htdocs\\pasazade\\app\\Views\\tema\\header.php', 121)
 2 SYSTEMPATH\View\View.php(234): include('C:\\xampp\\htdocs\\pasazade\\app\\Views\\tema\\header.php')
 3 SYSTEMPATH\View\View.php(237): CodeIgniter\View\View->CodeIgniter\View\{closure}()
 4 SYSTEMPATH\Common.php(1171): CodeIgniter\View\View->render('tema/header', [], true)
 5 APPPATH\Controllers\Anasayfa.php(13): view('tema/header')
 6 SYSTEMPATH\CodeIgniter.php(933): App\Controllers\Anasayfa->index()
 7 SYSTEMPATH\CodeIgniter.php(509): CodeIgniter\CodeIgniter->runController(Object(App\Controllers\Anasayfa))
 8 SYSTEMPATH\CodeIgniter.php(355): CodeIgniter\CodeIgniter->handleRequest(null, Object(Config\Cache), false)
 9 SYSTEMPATH\Boot.php(325): CodeIgniter\CodeIgniter->run()
10 SYSTEMPATH\Boot.php(67): CodeIgniter\Boot::runCodeIgniter(Object(CodeIgniter\CodeIgniter))
11 FCPATH\index.php(56): CodeIgniter\Boot::bootWeb(Object(Config\Paths))
CRITICAL - 2025-01-02 01:14:32 --> ErrorException: Undefined variable $kulad
[Method: GET, Route: /]
in APPPATH\Views\tema\header.php on line 121.
 1 APPPATH\Views\tema\header.php(121): CodeIgniter\Debug\Exceptions->errorHandler(2, 'Undefined variable $kulad', 'C:\\xampp\\htdocs\\pasazade\\app\\Views\\tema\\header.php', 121)
 2 SYSTEMPATH\View\View.php(234): include('C:\\xampp\\htdocs\\pasazade\\app\\Views\\tema\\header.php')
 3 SYSTEMPATH\View\View.php(237): CodeIgniter\View\View->CodeIgniter\View\{closure}()
 4 SYSTEMPATH\Common.php(1171): CodeIgniter\View\View->render('tema/header', [], true)
 5 APPPATH\Controllers\Anasayfa.php(13): view('tema/header')
 6 SYSTEMPATH\CodeIgniter.php(933): App\Controllers\Anasayfa->index()
 7 SYSTEMPATH\CodeIgniter.php(509): CodeIgniter\CodeIgniter->runController(Object(App\Controllers\Anasayfa))
 8 SYSTEMPATH\CodeIgniter.php(355): CodeIgniter\CodeIgniter->handleRequest(null, Object(Config\Cache), false)
 9 SYSTEMPATH\Boot.php(325): CodeIgniter\CodeIgniter->run()
10 SYSTEMPATH\Boot.php(67): CodeIgniter\Boot::runCodeIgniter(Object(CodeIgniter\CodeIgniter))
11 FCPATH\index.php(56): CodeIgniter\Boot::bootWeb(Object(Config\Paths))
CRITICAL - 2025-01-02 01:14:34 --> ErrorException: Undefined variable $kulad
[Method: GET, Route: /]
in APPPATH\Views\tema\header.php on line 121.
 1 APPPATH\Views\tema\header.php(121): CodeIgniter\Debug\Exceptions->errorHandler(2, 'Undefined variable $kulad', 'C:\\xampp\\htdocs\\pasazade\\app\\Views\\tema\\header.php', 121)
 2 SYSTEMPATH\View\View.php(234): include('C:\\xampp\\htdocs\\pasazade\\app\\Views\\tema\\header.php')
 3 SYSTEMPATH\View\View.php(237): CodeIgniter\View\View->CodeIgniter\View\{closure}()
 4 SYSTEMPATH\Common.php(1171): CodeIgniter\View\View->render('tema/header', [], true)
 5 APPPATH\Controllers\Anasayfa.php(13): view('tema/header')
 6 SYSTEMPATH\CodeIgniter.php(933): App\Controllers\Anasayfa->index()
 7 SYSTEMPATH\CodeIgniter.php(509): CodeIgniter\CodeIgniter->runController(Object(App\Controllers\Anasayfa))
 8 SYSTEMPATH\CodeIgniter.php(355): CodeIgniter\CodeIgniter->handleRequest(null, Object(Config\Cache), false)
 9 SYSTEMPATH\Boot.php(325): CodeIgniter\CodeIgniter->run()
10 SYSTEMPATH\Boot.php(67): CodeIgniter\Boot::runCodeIgniter(Object(CodeIgniter\CodeIgniter))
11 FCPATH\index.php(56): CodeIgniter\Boot::bootWeb(Object(Config\Paths))
CRITICAL - 2025-01-02 01:14:34 --> ErrorException: Undefined variable $kulad
[Method: GET, Route: /]
in APPPATH\Views\tema\header.php on line 121.
 1 APPPATH\Views\tema\header.php(121): CodeIgniter\Debug\Exceptions->errorHandler(2, 'Undefined variable $kulad', 'C:\\xampp\\htdocs\\pasazade\\app\\Views\\tema\\header.php', 121)
 2 SYSTEMPATH\View\View.php(234): include('C:\\xampp\\htdocs\\pasazade\\app\\Views\\tema\\header.php')
 3 SYSTEMPATH\View\View.php(237): CodeIgniter\View\View->CodeIgniter\View\{closure}()
 4 SYSTEMPATH\Common.php(1171): CodeIgniter\View\View->render('tema/header', [], true)
 5 APPPATH\Controllers\Anasayfa.php(13): view('tema/header')
 6 SYSTEMPATH\CodeIgniter.php(933): App\Controllers\Anasayfa->index()
 7 SYSTEMPATH\CodeIgniter.php(509): CodeIgniter\CodeIgniter->runController(Object(App\Controllers\Anasayfa))
 8 SYSTEMPATH\CodeIgniter.php(355): CodeIgniter\CodeIgniter->handleRequest(null, Object(Config\Cache), false)
 9 SYSTEMPATH\Boot.php(325): CodeIgniter\CodeIgniter->run()
10 SYSTEMPATH\Boot.php(67): CodeIgniter\Boot::runCodeIgniter(Object(CodeIgniter\CodeIgniter))
11 FCPATH\index.php(56): CodeIgniter\Boot::bootWeb(Object(Config\Paths))
CRITICAL - 2025-01-02 01:14:34 --> ErrorException: Undefined variable $kulad
[Method: GET, Route: /]
in APPPATH\Views\tema\header.php on line 121.
 1 APPPATH\Views\tema\header.php(121): CodeIgniter\Debug\Exceptions->errorHandler(2, 'Undefined variable $kulad', 'C:\\xampp\\htdocs\\pasazade\\app\\Views\\tema\\header.php', 121)
 2 SYSTEMPATH\View\View.php(234): include('C:\\xampp\\htdocs\\pasazade\\app\\Views\\tema\\header.php')
 3 SYSTEMPATH\View\View.php(237): CodeIgniter\View\View->CodeIgniter\View\{closure}()
 4 SYSTEMPATH\Common.php(1171): CodeIgniter\View\View->render('tema/header', [], true)
 5 APPPATH\Controllers\Anasayfa.php(13): view('tema/header')
 6 SYSTEMPATH\CodeIgniter.php(933): App\Controllers\Anasayfa->index()
 7 SYSTEMPATH\CodeIgniter.php(509): CodeIgniter\CodeIgniter->runController(Object(App\Controllers\Anasayfa))
 8 SYSTEMPATH\CodeIgniter.php(355): CodeIgniter\CodeIgniter->handleRequest(null, Object(Config\Cache), false)
 9 SYSTEMPATH\Boot.php(325): CodeIgniter\CodeIgniter->run()
10 SYSTEMPATH\Boot.php(67): CodeIgniter\Boot::runCodeIgniter(Object(CodeIgniter\CodeIgniter))
11 FCPATH\index.php(56): CodeIgniter\Boot::bootWeb(Object(Config\Paths))
CRITICAL - 2025-01-02 01:14:35 --> ErrorException: Undefined variable $kulad
[Method: GET, Route: /]
in APPPATH\Views\tema\header.php on line 121.
 1 APPPATH\Views\tema\header.php(121): CodeIgniter\Debug\Exceptions->errorHandler(2, 'Undefined variable $kulad', 'C:\\xampp\\htdocs\\pasazade\\app\\Views\\tema\\header.php', 121)
 2 SYSTEMPATH\View\View.php(234): include('C:\\xampp\\htdocs\\pasazade\\app\\Views\\tema\\header.php')
 3 SYSTEMPATH\View\View.php(237): CodeIgniter\View\View->CodeIgniter\View\{closure}()
 4 SYSTEMPATH\Common.php(1171): CodeIgniter\View\View->render('tema/header', [], true)
 5 APPPATH\Controllers\Anasayfa.php(13): view('tema/header')
 6 SYSTEMPATH\CodeIgniter.php(933): App\Controllers\Anasayfa->index()
 7 SYSTEMPATH\CodeIgniter.php(509): CodeIgniter\CodeIgniter->runController(Object(App\Controllers\Anasayfa))
 8 SYSTEMPATH\CodeIgniter.php(355): CodeIgniter\CodeIgniter->handleRequest(null, Object(Config\Cache), false)
 9 SYSTEMPATH\Boot.php(325): CodeIgniter\CodeIgniter->run()
10 SYSTEMPATH\Boot.php(67): CodeIgniter\Boot::runCodeIgniter(Object(CodeIgniter\CodeIgniter))
11 FCPATH\index.php(56): CodeIgniter\Boot::bootWeb(Object(Config\Paths))
CRITICAL - 2025-01-02 01:14:35 --> ErrorException: Undefined variable $kulad
[Method: GET, Route: /]
in APPPATH\Views\tema\header.php on line 121.
 1 APPPATH\Views\tema\header.php(121): CodeIgniter\Debug\Exceptions->errorHandler(2, 'Undefined variable $kulad', 'C:\\xampp\\htdocs\\pasazade\\app\\Views\\tema\\header.php', 121)
 2 SYSTEMPATH\View\View.php(234): include('C:\\xampp\\htdocs\\pasazade\\app\\Views\\tema\\header.php')
 3 SYSTEMPATH\View\View.php(237): CodeIgniter\View\View->CodeIgniter\View\{closure}()
 4 SYSTEMPATH\Common.php(1171): CodeIgniter\View\View->render('tema/header', [], true)
 5 APPPATH\Controllers\Anasayfa.php(13): view('tema/header')
 6 SYSTEMPATH\CodeIgniter.php(933): App\Controllers\Anasayfa->index()
 7 SYSTEMPATH\CodeIgniter.php(509): CodeIgniter\CodeIgniter->runController(Object(App\Controllers\Anasayfa))
 8 SYSTEMPATH\CodeIgniter.php(355): CodeIgniter\CodeIgniter->handleRequest(null, Object(Config\Cache), false)
 9 SYSTEMPATH\Boot.php(325): CodeIgniter\CodeIgniter->run()
10 SYSTEMPATH\Boot.php(67): CodeIgniter\Boot::runCodeIgniter(Object(CodeIgniter\CodeIgniter))
11 FCPATH\index.php(56): CodeIgniter\Boot::bootWeb(Object(Config\Paths))
CRITICAL - 2025-01-02 01:14:35 --> ErrorException: Undefined variable $kulad
[Method: GET, Route: /]
in APPPATH\Views\tema\header.php on line 121.
 1 APPPATH\Views\tema\header.php(121): CodeIgniter\Debug\Exceptions->errorHandler(2, 'Undefined variable $kulad', 'C:\\xampp\\htdocs\\pasazade\\app\\Views\\tema\\header.php', 121)
 2 SYSTEMPATH\View\View.php(234): include('C:\\xampp\\htdocs\\pasazade\\app\\Views\\tema\\header.php')
 3 SYSTEMPATH\View\View.php(237): CodeIgniter\View\View->CodeIgniter\View\{closure}()
 4 SYSTEMPATH\Common.php(1171): CodeIgniter\View\View->render('tema/header', [], true)
 5 APPPATH\Controllers\Anasayfa.php(13): view('tema/header')
 6 SYSTEMPATH\CodeIgniter.php(933): App\Controllers\Anasayfa->index()
 7 SYSTEMPATH\CodeIgniter.php(509): CodeIgniter\CodeIgniter->runController(Object(App\Controllers\Anasayfa))
 8 SYSTEMPATH\CodeIgniter.php(355): CodeIgniter\CodeIgniter->handleRequest(null, Object(Config\Cache), false)
 9 SYSTEMPATH\Boot.php(325): CodeIgniter\CodeIgniter->run()
10 SYSTEMPATH\Boot.php(67): CodeIgniter\Boot::runCodeIgniter(Object(CodeIgniter\CodeIgniter))
11 FCPATH\index.php(56): CodeIgniter\Boot::bootWeb(Object(Config\Paths))
CRITICAL - 2025-01-02 01:14:35 --> ErrorException: Undefined variable $kulad
[Method: GET, Route: /]
in APPPATH\Views\tema\header.php on line 121.
 1 APPPATH\Views\tema\header.php(121): CodeIgniter\Debug\Exceptions->errorHandler(2, 'Undefined variable $kulad', 'C:\\xampp\\htdocs\\pasazade\\app\\Views\\tema\\header.php', 121)
 2 SYSTEMPATH\View\View.php(234): include('C:\\xampp\\htdocs\\pasazade\\app\\Views\\tema\\header.php')
 3 SYSTEMPATH\View\View.php(237): CodeIgniter\View\View->CodeIgniter\View\{closure}()
 4 SYSTEMPATH\Common.php(1171): CodeIgniter\View\View->render('tema/header', [], true)
 5 APPPATH\Controllers\Anasayfa.php(13): view('tema/header')
 6 SYSTEMPATH\CodeIgniter.php(933): App\Controllers\Anasayfa->index()
 7 SYSTEMPATH\CodeIgniter.php(509): CodeIgniter\CodeIgniter->runController(Object(App\Controllers\Anasayfa))
 8 SYSTEMPATH\CodeIgniter.php(355): CodeIgniter\CodeIgniter->handleRequest(null, Object(Config\Cache), false)
 9 SYSTEMPATH\Boot.php(325): CodeIgniter\CodeIgniter->run()
10 SYSTEMPATH\Boot.php(67): CodeIgniter\Boot::runCodeIgniter(Object(CodeIgniter\CodeIgniter))
11 FCPATH\index.php(56): CodeIgniter\Boot::bootWeb(Object(Config\Paths))
CRITICAL - 2025-01-02 01:14:35 --> ErrorException: Undefined variable $kulad
[Method: GET, Route: /]
in APPPATH\Views\tema\header.php on line 121.
 1 APPPATH\Views\tema\header.php(121): CodeIgniter\Debug\Exceptions->errorHandler(2, 'Undefined variable $kulad', 'C:\\xampp\\htdocs\\pasazade\\app\\Views\\tema\\header.php', 121)
 2 SYSTEMPATH\View\View.php(234): include('C:\\xampp\\htdocs\\pasazade\\app\\Views\\tema\\header.php')
 3 SYSTEMPATH\View\View.php(237): CodeIgniter\View\View->CodeIgniter\View\{closure}()
 4 SYSTEMPATH\Common.php(1171): CodeIgniter\View\View->render('tema/header', [], true)
 5 APPPATH\Controllers\Anasayfa.php(13): view('tema/header')
 6 SYSTEMPATH\CodeIgniter.php(933): App\Controllers\Anasayfa->index()
 7 SYSTEMPATH\CodeIgniter.php(509): CodeIgniter\CodeIgniter->runController(Object(App\Controllers\Anasayfa))
 8 SYSTEMPATH\CodeIgniter.php(355): CodeIgniter\CodeIgniter->handleRequest(null, Object(Config\Cache), false)
 9 SYSTEMPATH\Boot.php(325): CodeIgniter\CodeIgniter->run()
10 SYSTEMPATH\Boot.php(67): CodeIgniter\Boot::runCodeIgniter(Object(CodeIgniter\CodeIgniter))
11 FCPATH\index.php(56): CodeIgniter\Boot::bootWeb(Object(Config\Paths))
CRITICAL - 2025-01-02 01:14:36 --> ErrorException: Undefined variable $kulad
[Method: GET, Route: /]
in APPPATH\Views\tema\header.php on line 121.
 1 APPPATH\Views\tema\header.php(121): CodeIgniter\Debug\Exceptions->errorHandler(2, 'Undefined variable $kulad', 'C:\\xampp\\htdocs\\pasazade\\app\\Views\\tema\\header.php', 121)
 2 SYSTEMPATH\View\View.php(234): include('C:\\xampp\\htdocs\\pasazade\\app\\Views\\tema\\header.php')
 3 SYSTEMPATH\View\View.php(237): CodeIgniter\View\View->CodeIgniter\View\{closure}()
 4 SYSTEMPATH\Common.php(1171): CodeIgniter\View\View->render('tema/header', [], true)
 5 APPPATH\Controllers\Anasayfa.php(13): view('tema/header')
 6 SYSTEMPATH\CodeIgniter.php(933): App\Controllers\Anasayfa->index()
 7 SYSTEMPATH\CodeIgniter.php(509): CodeIgniter\CodeIgniter->runController(Object(App\Controllers\Anasayfa))
 8 SYSTEMPATH\CodeIgniter.php(355): CodeIgniter\CodeIgniter->handleRequest(null, Object(Config\Cache), false)
 9 SYSTEMPATH\Boot.php(325): CodeIgniter\CodeIgniter->run()
10 SYSTEMPATH\Boot.php(67): CodeIgniter\Boot::runCodeIgniter(Object(CodeIgniter\CodeIgniter))
11 FCPATH\index.php(56): CodeIgniter\Boot::bootWeb(Object(Config\Paths))
CRITICAL - 2025-01-02 01:14:47 --> ErrorException: Undefined variable $kulad
[Method: GET, Route: /]
in APPPATH\Views\tema\header.php on line 121.
 1 APPPATH\Views\tema\header.php(121): CodeIgniter\Debug\Exceptions->errorHandler(2, 'Undefined variable $kulad', 'C:\\xampp\\htdocs\\pasazade\\app\\Views\\tema\\header.php', 121)
 2 SYSTEMPATH\View\View.php(234): include('C:\\xampp\\htdocs\\pasazade\\app\\Views\\tema\\header.php')
 3 SYSTEMPATH\View\View.php(237): CodeIgniter\View\View->CodeIgniter\View\{closure}()
 4 SYSTEMPATH\Common.php(1171): CodeIgniter\View\View->render('tema/header', [], true)
 5 APPPATH\Controllers\Anasayfa.php(13): view('tema/header')
 6 SYSTEMPATH\CodeIgniter.php(933): App\Controllers\Anasayfa->index()
 7 SYSTEMPATH\CodeIgniter.php(509): CodeIgniter\CodeIgniter->runController(Object(App\Controllers\Anasayfa))
 8 SYSTEMPATH\CodeIgniter.php(355): CodeIgniter\CodeIgniter->handleRequest(null, Object(Config\Cache), false)
 9 SYSTEMPATH\Boot.php(325): CodeIgniter\CodeIgniter->run()
10 SYSTEMPATH\Boot.php(67): CodeIgniter\Boot::runCodeIgniter(Object(CodeIgniter\CodeIgniter))
11 FCPATH\index.php(56): CodeIgniter\Boot::bootWeb(Object(Config\Paths))
CRITICAL - 2025-01-02 01:14:58 --> ErrorException: Undefined variable $kulad
[Method: GET, Route: /]
in APPPATH\Views\tema\header.php on line 121.
 1 APPPATH\Views\tema\header.php(121): CodeIgniter\Debug\Exceptions->errorHandler(2, 'Undefined variable $kulad', 'C:\\xampp\\htdocs\\pasazade\\app\\Views\\tema\\header.php', 121)
 2 SYSTEMPATH\View\View.php(234): include('C:\\xampp\\htdocs\\pasazade\\app\\Views\\tema\\header.php')
 3 SYSTEMPATH\View\View.php(237): CodeIgniter\View\View->CodeIgniter\View\{closure}()
 4 SYSTEMPATH\Common.php(1171): CodeIgniter\View\View->render('tema/header', [], true)
 5 APPPATH\Controllers\Anasayfa.php(13): view('tema/header')
 6 SYSTEMPATH\CodeIgniter.php(933): App\Controllers\Anasayfa->index()
 7 SYSTEMPATH\CodeIgniter.php(509): CodeIgniter\CodeIgniter->runController(Object(App\Controllers\Anasayfa))
 8 SYSTEMPATH\CodeIgniter.php(355): CodeIgniter\CodeIgniter->handleRequest(null, Object(Config\Cache), false)
 9 SYSTEMPATH\Boot.php(325): CodeIgniter\CodeIgniter->run()
10 SYSTEMPATH\Boot.php(67): CodeIgniter\Boot::runCodeIgniter(Object(CodeIgniter\CodeIgniter))
11 FCPATH\index.php(56): CodeIgniter\Boot::bootWeb(Object(Config\Paths))
CRITICAL - 2025-01-02 01:15:04 --> ErrorException: Undefined variable $kulad
[Method: GET, Route: /]
in APPPATH\Views\tema\header.php on line 121.
 1 APPPATH\Views\tema\header.php(121): CodeIgniter\Debug\Exceptions->errorHandler(2, 'Undefined variable $kulad', 'C:\\xampp\\htdocs\\pasazade\\app\\Views\\tema\\header.php', 121)
 2 SYSTEMPATH\View\View.php(234): include('C:\\xampp\\htdocs\\pasazade\\app\\Views\\tema\\header.php')
 3 SYSTEMPATH\View\View.php(237): CodeIgniter\View\View->CodeIgniter\View\{closure}()
 4 SYSTEMPATH\Common.php(1171): CodeIgniter\View\View->render('tema/header', [], true)
 5 APPPATH\Controllers\Anasayfa.php(13): view('tema/header')
 6 SYSTEMPATH\CodeIgniter.php(933): App\Controllers\Anasayfa->index()
 7 SYSTEMPATH\CodeIgniter.php(509): CodeIgniter\CodeIgniter->runController(Object(App\Controllers\Anasayfa))
 8 SYSTEMPATH\CodeIgniter.php(355): CodeIgniter\CodeIgniter->handleRequest(null, Object(Config\Cache), false)
 9 SYSTEMPATH\Boot.php(325): CodeIgniter\CodeIgniter->run()
10 SYSTEMPATH\Boot.php(67): CodeIgniter\Boot::runCodeIgniter(Object(CodeIgniter\CodeIgniter))
11 FCPATH\index.php(56): CodeIgniter\Boot::bootWeb(Object(Config\Paths))
CRITICAL - 2025-01-02 01:15:09 --> ErrorException: Undefined variable $kulad
[Method: GET, Route: /]
in APPPATH\Views\tema\header.php on line 121.
 1 APPPATH\Views\tema\header.php(121): CodeIgniter\Debug\Exceptions->errorHandler(2, 'Undefined variable $kulad', 'C:\\xampp\\htdocs\\pasazade\\app\\Views\\tema\\header.php', 121)
 2 SYSTEMPATH\View\View.php(234): include('C:\\xampp\\htdocs\\pasazade\\app\\Views\\tema\\header.php')
 3 SYSTEMPATH\View\View.php(237): CodeIgniter\View\View->CodeIgniter\View\{closure}()
 4 SYSTEMPATH\Common.php(1171): CodeIgniter\View\View->render('tema/header', [], true)
 5 APPPATH\Controllers\Anasayfa.php(13): view('tema/header')
 6 SYSTEMPATH\CodeIgniter.php(933): App\Controllers\Anasayfa->index()
 7 SYSTEMPATH\CodeIgniter.php(509): CodeIgniter\CodeIgniter->runController(Object(App\Controllers\Anasayfa))
 8 SYSTEMPATH\CodeIgniter.php(355): CodeIgniter\CodeIgniter->handleRequest(null, Object(Config\Cache), false)
 9 SYSTEMPATH\Boot.php(325): CodeIgniter\CodeIgniter->run()
10 SYSTEMPATH\Boot.php(67): CodeIgniter\Boot::runCodeIgniter(Object(CodeIgniter\CodeIgniter))
11 FCPATH\index.php(56): CodeIgniter\Boot::bootWeb(Object(Config\Paths))
CRITICAL - 2025-01-02 01:15:21 --> ErrorException: Undefined variable $kulad
[Method: GET, Route: /]
in APPPATH\Views\tema\header.php on line 121.
 1 APPPATH\Views\tema\header.php(121): CodeIgniter\Debug\Exceptions->errorHandler(2, 'Undefined variable $kulad', 'C:\\xampp\\htdocs\\pasazade\\app\\Views\\tema\\header.php', 121)
 2 SYSTEMPATH\View\View.php(234): include('C:\\xampp\\htdocs\\pasazade\\app\\Views\\tema\\header.php')
 3 SYSTEMPATH\View\View.php(237): CodeIgniter\View\View->CodeIgniter\View\{closure}()
 4 SYSTEMPATH\Common.php(1171): CodeIgniter\View\View->render('tema/header', [], true)
 5 APPPATH\Controllers\Anasayfa.php(13): view('tema/header')
 6 SYSTEMPATH\CodeIgniter.php(933): App\Controllers\Anasayfa->index()
 7 SYSTEMPATH\CodeIgniter.php(509): CodeIgniter\CodeIgniter->runController(Object(App\Controllers\Anasayfa))
 8 SYSTEMPATH\CodeIgniter.php(355): CodeIgniter\CodeIgniter->handleRequest(null, Object(Config\Cache), false)
 9 SYSTEMPATH\Boot.php(325): CodeIgniter\CodeIgniter->run()
10 SYSTEMPATH\Boot.php(67): CodeIgniter\Boot::runCodeIgniter(Object(CodeIgniter\CodeIgniter))
11 FCPATH\index.php(56): CodeIgniter\Boot::bootWeb(Object(Config\Paths))
CRITICAL - 2025-01-02 01:16:09 --> ErrorException: Undefined variable $kulad
[Method: GET, Route: /]
in APPPATH\Views\tema\header.php on line 121.
 1 APPPATH\Views\tema\header.php(121): CodeIgniter\Debug\Exceptions->errorHandler(2, 'Undefined variable $kulad', 'C:\\xampp\\htdocs\\pasazade\\app\\Views\\tema\\header.php', 121)
 2 SYSTEMPATH\View\View.php(234): include('C:\\xampp\\htdocs\\pasazade\\app\\Views\\tema\\header.php')
 3 SYSTEMPATH\View\View.php(237): CodeIgniter\View\View->CodeIgniter\View\{closure}()
 4 SYSTEMPATH\Common.php(1171): CodeIgniter\View\View->render('tema/header', [], true)
 5 APPPATH\Controllers\Anasayfa.php(13): view('tema/header')
 6 SYSTEMPATH\CodeIgniter.php(933): App\Controllers\Anasayfa->index()
 7 SYSTEMPATH\CodeIgniter.php(509): CodeIgniter\CodeIgniter->runController(Object(App\Controllers\Anasayfa))
 8 SYSTEMPATH\CodeIgniter.php(355): CodeIgniter\CodeIgniter->handleRequest(null, Object(Config\Cache), false)
 9 SYSTEMPATH\Boot.php(325): CodeIgniter\CodeIgniter->run()
10 SYSTEMPATH\Boot.php(67): CodeIgniter\Boot::runCodeIgniter(Object(CodeIgniter\CodeIgniter))
11 FCPATH\index.php(56): CodeIgniter\Boot::bootWeb(Object(Config\Paths))
CRITICAL - 2025-01-02 01:16:42 --> ErrorException: Undefined variable $kulad
[Method: GET, Route: /]
in APPPATH\Views\tema\header.php on line 121.
 1 APPPATH\Views\tema\header.php(121): CodeIgniter\Debug\Exceptions->errorHandler(2, 'Undefined variable $kulad', 'C:\\xampp\\htdocs\\pasazade\\app\\Views\\tema\\header.php', 121)
 2 SYSTEMPATH\View\View.php(234): include('C:\\xampp\\htdocs\\pasazade\\app\\Views\\tema\\header.php')
 3 SYSTEMPATH\View\View.php(237): CodeIgniter\View\View->CodeIgniter\View\{closure}()
 4 SYSTEMPATH\Common.php(1171): CodeIgniter\View\View->render('tema/header', [], true)
 5 APPPATH\Controllers\Anasayfa.php(13): view('tema/header')
 6 SYSTEMPATH\CodeIgniter.php(933): App\Controllers\Anasayfa->index()
 7 SYSTEMPATH\CodeIgniter.php(509): CodeIgniter\CodeIgniter->runController(Object(App\Controllers\Anasayfa))
 8 SYSTEMPATH\CodeIgniter.php(355): CodeIgniter\CodeIgniter->handleRequest(null, Object(Config\Cache), false)
 9 SYSTEMPATH\Boot.php(325): CodeIgniter\CodeIgniter->run()
10 SYSTEMPATH\Boot.php(67): CodeIgniter\Boot::runCodeIgniter(Object(CodeIgniter\CodeIgniter))
11 FCPATH\index.php(56): CodeIgniter\Boot::bootWeb(Object(Config\Paths))
CRITICAL - 2025-01-02 08:19:57 --> ErrorException: Undefined variable $kulad
[Method: GET, Route: /]
in APPPATH\Views\tema\header.php on line 121.
 1 APPPATH\Views\tema\header.php(121): CodeIgniter\Debug\Exceptions->errorHandler(2, 'Undefined variable $kulad', 'C:\\xampp\\htdocs\\pasazade\\app\\Views\\tema\\header.php', 121)
 2 SYSTEMPATH\View\View.php(234): include('C:\\xampp\\htdocs\\pasazade\\app\\Views\\tema\\header.php')
 3 SYSTEMPATH\View\View.php(237): CodeIgniter\View\View->CodeIgniter\View\{closure}()
 4 SYSTEMPATH\Common.php(1171): CodeIgniter\View\View->render('tema/header', [], true)
 5 APPPATH\Controllers\Anasayfa.php(13): view('tema/header')
 6 SYSTEMPATH\CodeIgniter.php(933): App\Controllers\Anasayfa->index()
 7 SYSTEMPATH\CodeIgniter.php(509): CodeIgniter\CodeIgniter->runController(Object(App\Controllers\Anasayfa))
 8 SYSTEMPATH\CodeIgniter.php(355): CodeIgniter\CodeIgniter->handleRequest(null, Object(Config\Cache), false)
 9 SYSTEMPATH\Boot.php(325): CodeIgniter\CodeIgniter->run()
10 SYSTEMPATH\Boot.php(67): CodeIgniter\Boot::runCodeIgniter(Object(CodeIgniter\CodeIgniter))
11 FCPATH\index.php(56): CodeIgniter\Boot::bootWeb(Object(Config\Paths))
CRITICAL - 2025-01-02 22:00:50 --> ErrorException: Undefined variable $iletisimler
[Method: GET, Route: iletisim_liste]
in APPPATH\Views\sayfalar\iletisim_liste.php on line 15.
 1 APPPATH\Views\sayfalar\iletisim_liste.php(15): CodeIgniter\Debug\Exceptions->errorHandler(2, 'Undefined variable $iletisimler', 'C:\\xampp\\htdocs\\pasazade\\app\\Views\\sayfalar\\iletisim_liste.php', 15)
 2 SYSTEMPATH\View\View.php(234): include('C:\\xampp\\htdocs\\pasazade\\app\\Views\\sayfalar\\iletisim_liste.php')
 3 SYSTEMPATH\View\View.php(237): CodeIgniter\View\View->CodeIgniter\View\{closure}()
 4 SYSTEMPATH\Common.php(1171): CodeIgniter\View\View->render('sayfalar/iletisim_liste', [], true)
 5 APPPATH\Controllers\Anasayfa.php(100): view('sayfalar/iletisim_liste')
 6 SYSTEMPATH\CodeIgniter.php(933): App\Controllers\Anasayfa->iletisim_liste()
 7 SYSTEMPATH\CodeIgniter.php(509): CodeIgniter\CodeIgniter->runController(Object(App\Controllers\Anasayfa))
 8 SYSTEMPATH\CodeIgniter.php(355): CodeIgniter\CodeIgniter->handleRequest(null, Object(Config\Cache), false)
 9 SYSTEMPATH\Boot.php(325): CodeIgniter\CodeIgniter->run()
10 SYSTEMPATH\Boot.php(67): CodeIgniter\Boot::runCodeIgniter(Object(CodeIgniter\CodeIgniter))
11 FCPATH\index.php(56): CodeIgniter\Boot::bootWeb(Object(Config\Paths))
CRITICAL - 2025-01-02 22:00:55 --> ErrorException: Undefined variable $iletisimler
[Method: GET, Route: iletisim_liste]
in APPPATH\Views\sayfalar\iletisim_liste.php on line 15.
 1 APPPATH\Views\sayfalar\iletisim_liste.php(15): CodeIgniter\Debug\Exceptions->errorHandler(2, 'Undefined variable $iletisimler', 'C:\\xampp\\htdocs\\pasazade\\app\\Views\\sayfalar\\iletisim_liste.php', 15)
 2 SYSTEMPATH\View\View.php(234): include('C:\\xampp\\htdocs\\pasazade\\app\\Views\\sayfalar\\iletisim_liste.php')
 3 SYSTEMPATH\View\View.php(237): CodeIgniter\View\View->CodeIgniter\View\{closure}()
 4 SYSTEMPATH\Common.php(1171): CodeIgniter\View\View->render('sayfalar/iletisim_liste', [], true)
 5 APPPATH\Controllers\Anasayfa.php(100): view('sayfalar/iletisim_liste')
 6 SYSTEMPATH\CodeIgniter.php(933): App\Controllers\Anasayfa->iletisim_liste()
 7 SYSTEMPATH\CodeIgniter.php(509): CodeIgniter\CodeIgniter->runController(Object(App\Controllers\Anasayfa))
 8 SYSTEMPATH\CodeIgniter.php(355): CodeIgniter\CodeIgniter->handleRequest(null, Object(Config\Cache), false)
 9 SYSTEMPATH\Boot.php(325): CodeIgniter\CodeIgniter->run()
10 SYSTEMPATH\Boot.php(67): CodeIgniter\Boot::runCodeIgniter(Object(CodeIgniter\CodeIgniter))
11 FCPATH\index.php(56): CodeIgniter\Boot::bootWeb(Object(Config\Paths))
CRITICAL - 2025-01-02 22:01:18 --> ErrorException: Undefined variable $iletisimler
[Method: GET, Route: iletisim_liste]
in APPPATH\Views\sayfalar\iletisim_liste.php on line 15.
 1 APPPATH\Views\sayfalar\iletisim_liste.php(15): CodeIgniter\Debug\Exceptions->errorHandler(2, 'Undefined variable $iletisimler', 'C:\\xampp\\htdocs\\pasazade\\app\\Views\\sayfalar\\iletisim_liste.php', 15)
 2 SYSTEMPATH\View\View.php(234): include('C:\\xampp\\htdocs\\pasazade\\app\\Views\\sayfalar\\iletisim_liste.php')
 3 SYSTEMPATH\View\View.php(237): CodeIgniter\View\View->CodeIgniter\View\{closure}()
 4 SYSTEMPATH\Common.php(1171): CodeIgniter\View\View->render('sayfalar/iletisim_liste', [], true)
 5 APPPATH\Controllers\Anasayfa.php(100): view('sayfalar/iletisim_liste')
 6 SYSTEMPATH\CodeIgniter.php(933): App\Controllers\Anasayfa->iletisim_liste()
 7 SYSTEMPATH\CodeIgniter.php(509): CodeIgniter\CodeIgniter->runController(Object(App\Controllers\Anasayfa))
 8 SYSTEMPATH\CodeIgniter.php(355): CodeIgniter\CodeIgniter->handleRequest(null, Object(Config\Cache), false)
 9 SYSTEMPATH\Boot.php(325): CodeIgniter\CodeIgniter->run()
10 SYSTEMPATH\Boot.php(67): CodeIgniter\Boot::runCodeIgniter(Object(CodeIgniter\CodeIgniter))
11 FCPATH\index.php(56): CodeIgniter\Boot::bootWeb(Object(Config\Paths))
ERROR - 2025-01-02 23:02:35 --> Error connecting to the database: mysqli_sql_exception: Hedef makine etkin olarak reddettiinden balant kurulamad in C:\xampp\htdocs\pasazade\system\Database\MySQLi\Connection.php:186
Stack trace:
#0 C:\xampp\htdocs\pasazade\system\Database\MySQLi\Connection.php(186): mysqli->real_connect('localhost', 'root', Object(SensitiveParameterValue), 'pasa', 3306, '', 0)
#1 C:\xampp\htdocs\pasazade\system\Database\BaseConnection.php(421): CodeIgniter\Database\MySQLi\Connection->connect(false)
#2 C:\xampp\htdocs\pasazade\system\Database\BaseConnection.php(616): CodeIgniter\Database\BaseConnection->initialize()
#3 C:\xampp\htdocs\pasazade\system\Database\BaseBuilder.php(1644): CodeIgniter\Database\BaseConnection->query('SELECT *\nFROM `...', Array, false)
#4 C:\xampp\htdocs\pasazade\system\Model.php(213): CodeIgniter\Database\BaseBuilder->get()
#5 C:\xampp\htdocs\pasazade\system\BaseModel.php(610): CodeIgniter\Model->doFind(false, NULL)
#6 C:\xampp\htdocs\pasazade\app\Controllers\Anasayfa.php(44): CodeIgniter\BaseModel->find()
#7 C:\xampp\htdocs\pasazade\system\CodeIgniter.php(933): App\Controllers\Anasayfa->login()
#8 C:\xampp\htdocs\pasazade\system\CodeIgniter.php(509): CodeIgniter\CodeIgniter->runController(Object(App\Controllers\Anasayfa))
#9 C:\xampp\htdocs\pasazade\system\CodeIgniter.php(355): CodeIgniter\CodeIgniter->handleRequest(NULL, Object(Config\Cache), false)
#10 C:\xampp\htdocs\pasazade\system\Boot.php(325): CodeIgniter\CodeIgniter->run()
#11 C:\xampp\htdocs\pasazade\system\Boot.php(67): CodeIgniter\Boot::runCodeIgniter(Object(CodeIgniter\CodeIgniter))
#12 C:\xampp\htdocs\pasazade\public\index.php(56): CodeIgniter\Boot::bootWeb(Object(Config\Paths))
#13 {main}

Next CodeIgniter\Database\Exceptions\DatabaseException: Hedef makine etkin olarak reddettiinden balant kurulamad in C:\xampp\htdocs\pasazade\system\Database\MySQLi\Connection.php:231
Stack trace:
#0 C:\xampp\htdocs\pasazade\system\Database\BaseConnection.php(421): CodeIgniter\Database\MySQLi\Connection->connect(false)
#1 C:\xampp\htdocs\pasazade\system\Database\BaseConnection.php(616): CodeIgniter\Database\BaseConnection->initialize()
#2 C:\xampp\htdocs\pasazade\system\Database\BaseBuilder.php(1644): CodeIgniter\Database\BaseConnection->query('SELECT *\nFROM `...', Array, false)
#3 C:\xampp\htdocs\pasazade\system\Model.php(213): CodeIgniter\Database\BaseBuilder->get()
#4 C:\xampp\htdocs\pasazade\system\BaseModel.php(610): CodeIgniter\Model->doFind(false, NULL)
#5 C:\xampp\htdocs\pasazade\app\Controllers\Anasayfa.php(44): CodeIgniter\BaseModel->find()
#6 C:\xampp\htdocs\pasazade\system\CodeIgniter.php(933): App\Controllers\Anasayfa->login()
#7 C:\xampp\htdocs\pasazade\system\CodeIgniter.php(509): CodeIgniter\CodeIgniter->runController(Object(App\Controllers\Anasayfa))
#8 C:\xampp\htdocs\pasazade\system\CodeIgniter.php(355): CodeIgniter\CodeIgniter->handleRequest(NULL, Object(Config\Cache), false)
#9 C:\xampp\htdocs\pasazade\system\Boot.php(325): CodeIgniter\CodeIgniter->run()
#10 C:\xampp\htdocs\pasazade\system\Boot.php(67): CodeIgniter\Boot::runCodeIgniter(Object(CodeIgniter\CodeIgniter))
#11 C:\xampp\htdocs\pasazade\public\index.php(56): CodeIgniter\Boot::bootWeb(Object(Config\Paths))
#12 {main}
CRITICAL - 2025-01-02 23:02:35 --> CodeIgniter\Database\Exceptions\DatabaseException: Unable to connect to the database.
Main connection [MySQLi]: Hedef makine etkin olarak reddettiinden balant kurulamad
[Method: POST, Route: login]
in SYSTEMPATH\Database\BaseConnection.php on line 467.
 1 SYSTEMPATH\Database\BaseConnection.php(616): CodeIgniter\Database\BaseConnection->initialize()
 2 SYSTEMPATH\Database\BaseBuilder.php(1644): CodeIgniter\Database\BaseConnection->query('SELECT *
FROM `kullanicilar`
WHERE `kulad` = :kulad:
AND `sifre` = :sifre:', [...], false)
 3 SYSTEMPATH\Model.php(213): CodeIgniter\Database\BaseBuilder->get()
 4 SYSTEMPATH\BaseModel.php(610): CodeIgniter\Model->doFind(false, null)
 5 APPPATH\Controllers\Anasayfa.php(44): CodeIgniter\BaseModel->find()
 6 SYSTEMPATH\CodeIgniter.php(933): App\Controllers\Anasayfa->login()
 7 SYSTEMPATH\CodeIgniter.php(509): CodeIgniter\CodeIgniter->runController(Object(App\Controllers\Anasayfa))
 8 SYSTEMPATH\CodeIgniter.php(355): CodeIgniter\CodeIgniter->handleRequest(null, Object(Config\Cache), false)
 9 SYSTEMPATH\Boot.php(325): CodeIgniter\CodeIgniter->run()
10 SYSTEMPATH\Boot.php(67): CodeIgniter\Boot::runCodeIgniter(Object(CodeIgniter\CodeIgniter))
11 FCPATH\index.php(56): CodeIgniter\Boot::bootWeb(Object(Config\Paths))
ERROR - 2025-01-02 23:02:39 --> Error connecting to the database: mysqli_sql_exception: Hedef makine etkin olarak reddettiinden balant kurulamad in C:\xampp\htdocs\pasazade\system\Database\MySQLi\Connection.php:186
Stack trace:
#0 C:\xampp\htdocs\pasazade\system\Database\MySQLi\Connection.php(186): mysqli->real_connect('localhost', 'root', Object(SensitiveParameterValue), 'pasa', 3306, '', 0)
#1 C:\xampp\htdocs\pasazade\system\Database\BaseConnection.php(421): CodeIgniter\Database\MySQLi\Connection->connect(false)
#2 C:\xampp\htdocs\pasazade\system\Database\BaseConnection.php(616): CodeIgniter\Database\BaseConnection->initialize()
#3 C:\xampp\htdocs\pasazade\system\Database\BaseBuilder.php(1644): CodeIgniter\Database\BaseConnection->query('SELECT *\nFROM `...', Array, false)
#4 C:\xampp\htdocs\pasazade\system\Model.php(213): CodeIgniter\Database\BaseBuilder->get()
#5 C:\xampp\htdocs\pasazade\system\BaseModel.php(610): CodeIgniter\Model->doFind(false, NULL)
#6 C:\xampp\htdocs\pasazade\app\Controllers\Anasayfa.php(44): CodeIgniter\BaseModel->find()
#7 C:\xampp\htdocs\pasazade\system\CodeIgniter.php(933): App\Controllers\Anasayfa->login()
#8 C:\xampp\htdocs\pasazade\system\CodeIgniter.php(509): CodeIgniter\CodeIgniter->runController(Object(App\Controllers\Anasayfa))
#9 C:\xampp\htdocs\pasazade\system\CodeIgniter.php(355): CodeIgniter\CodeIgniter->handleRequest(NULL, Object(Config\Cache), false)
#10 C:\xampp\htdocs\pasazade\system\Boot.php(325): CodeIgniter\CodeIgniter->run()
#11 C:\xampp\htdocs\pasazade\system\Boot.php(67): CodeIgniter\Boot::runCodeIgniter(Object(CodeIgniter\CodeIgniter))
#12 C:\xampp\htdocs\pasazade\public\index.php(56): CodeIgniter\Boot::bootWeb(Object(Config\Paths))
#13 {main}

Next CodeIgniter\Database\Exceptions\DatabaseException: Hedef makine etkin olarak reddettiinden balant kurulamad in C:\xampp\htdocs\pasazade\system\Database\MySQLi\Connection.php:231
Stack trace:
#0 C:\xampp\htdocs\pasazade\system\Database\BaseConnection.php(421): CodeIgniter\Database\MySQLi\Connection->connect(false)
#1 C:\xampp\htdocs\pasazade\system\Database\BaseConnection.php(616): CodeIgniter\Database\BaseConnection->initialize()
#2 C:\xampp\htdocs\pasazade\system\Database\BaseBuilder.php(1644): CodeIgniter\Database\BaseConnection->query('SELECT *\nFROM `...', Array, false)
#3 C:\xampp\htdocs\pasazade\system\Model.php(213): CodeIgniter\Database\BaseBuilder->get()
#4 C:\xampp\htdocs\pasazade\system\BaseModel.php(610): CodeIgniter\Model->doFind(false, NULL)
#5 C:\xampp\htdocs\pasazade\app\Controllers\Anasayfa.php(44): CodeIgniter\BaseModel->find()
#6 C:\xampp\htdocs\pasazade\system\CodeIgniter.php(933): App\Controllers\Anasayfa->login()
#7 C:\xampp\htdocs\pasazade\system\CodeIgniter.php(509): CodeIgniter\CodeIgniter->runController(Object(App\Controllers\Anasayfa))
#8 C:\xampp\htdocs\pasazade\system\CodeIgniter.php(355): CodeIgniter\CodeIgniter->handleRequest(NULL, Object(Config\Cache), false)
#9 C:\xampp\htdocs\pasazade\system\Boot.php(325): CodeIgniter\CodeIgniter->run()
#10 C:\xampp\htdocs\pasazade\system\Boot.php(67): CodeIgniter\Boot::runCodeIgniter(Object(CodeIgniter\CodeIgniter))
#11 C:\xampp\htdocs\pasazade\public\index.php(56): CodeIgniter\Boot::bootWeb(Object(Config\Paths))
#12 {main}
CRITICAL - 2025-01-02 23:02:39 --> CodeIgniter\Database\Exceptions\DatabaseException: Unable to connect to the database.
Main connection [MySQLi]: Hedef makine etkin olarak reddettiinden balant kurulamad
[Method: POST, Route: login]
in SYSTEMPATH\Database\BaseConnection.php on line 467.
 1 SYSTEMPATH\Database\BaseConnection.php(616): CodeIgniter\Database\BaseConnection->initialize()
 2 SYSTEMPATH\Database\BaseBuilder.php(1644): CodeIgniter\Database\BaseConnection->query('SELECT *
FROM `kullanicilar`
WHERE `kulad` = :kulad:
AND `sifre` = :sifre:', [...], false)
 3 SYSTEMPATH\Model.php(213): CodeIgniter\Database\BaseBuilder->get()
 4 SYSTEMPATH\BaseModel.php(610): CodeIgniter\Model->doFind(false, null)
 5 APPPATH\Controllers\Anasayfa.php(44): CodeIgniter\BaseModel->find()
 6 SYSTEMPATH\CodeIgniter.php(933): App\Controllers\Anasayfa->login()
 7 SYSTEMPATH\CodeIgniter.php(509): CodeIgniter\CodeIgniter->runController(Object(App\Controllers\Anasayfa))
 8 SYSTEMPATH\CodeIgniter.php(355): CodeIgniter\CodeIgniter->handleRequest(null, Object(Config\Cache), false)
 9 SYSTEMPATH\Boot.php(325): CodeIgniter\CodeIgniter->run()
10 SYSTEMPATH\Boot.php(67): CodeIgniter\Boot::runCodeIgniter(Object(CodeIgniter\CodeIgniter))
11 FCPATH\index.php(56): CodeIgniter\Boot::bootWeb(Object(Config\Paths))
ERROR - 2025-01-02 23:02:44 --> Error connecting to the database: mysqli_sql_exception: Hedef makine etkin olarak reddettiinden balant kurulamad in C:\xampp\htdocs\pasazade\system\Database\MySQLi\Connection.php:186
Stack trace:
#0 C:\xampp\htdocs\pasazade\system\Database\MySQLi\Connection.php(186): mysqli->real_connect('localhost', 'root', Object(SensitiveParameterValue), 'pasa', 3306, '', 0)
#1 C:\xampp\htdocs\pasazade\system\Database\BaseConnection.php(421): CodeIgniter\Database\MySQLi\Connection->connect(false)
#2 C:\xampp\htdocs\pasazade\system\Database\BaseConnection.php(616): CodeIgniter\Database\BaseConnection->initialize()
#3 C:\xampp\htdocs\pasazade\system\Database\BaseBuilder.php(1644): CodeIgniter\Database\BaseConnection->query('SELECT *\nFROM `...', Array, false)
#4 C:\xampp\htdocs\pasazade\system\Model.php(213): CodeIgniter\Database\BaseBuilder->get()
#5 C:\xampp\htdocs\pasazade\system\BaseModel.php(610): CodeIgniter\Model->doFind(false, NULL)
#6 C:\xampp\htdocs\pasazade\app\Controllers\Anasayfa.php(44): CodeIgniter\BaseModel->find()
#7 C:\xampp\htdocs\pasazade\system\CodeIgniter.php(933): App\Controllers\Anasayfa->login()
#8 C:\xampp\htdocs\pasazade\system\CodeIgniter.php(509): CodeIgniter\CodeIgniter->runController(Object(App\Controllers\Anasayfa))
#9 C:\xampp\htdocs\pasazade\system\CodeIgniter.php(355): CodeIgniter\CodeIgniter->handleRequest(NULL, Object(Config\Cache), false)
#10 C:\xampp\htdocs\pasazade\system\Boot.php(325): CodeIgniter\CodeIgniter->run()
#11 C:\xampp\htdocs\pasazade\system\Boot.php(67): CodeIgniter\Boot::runCodeIgniter(Object(CodeIgniter\CodeIgniter))
#12 C:\xampp\htdocs\pasazade\public\index.php(56): CodeIgniter\Boot::bootWeb(Object(Config\Paths))
#13 {main}

Next CodeIgniter\Database\Exceptions\DatabaseException: Hedef makine etkin olarak reddettiinden balant kurulamad in C:\xampp\htdocs\pasazade\system\Database\MySQLi\Connection.php:231
Stack trace:
#0 C:\xampp\htdocs\pasazade\system\Database\BaseConnection.php(421): CodeIgniter\Database\MySQLi\Connection->connect(false)
#1 C:\xampp\htdocs\pasazade\system\Database\BaseConnection.php(616): CodeIgniter\Database\BaseConnection->initialize()
#2 C:\xampp\htdocs\pasazade\system\Database\BaseBuilder.php(1644): CodeIgniter\Database\BaseConnection->query('SELECT *\nFROM `...', Array, false)
#3 C:\xampp\htdocs\pasazade\system\Model.php(213): CodeIgniter\Database\BaseBuilder->get()
#4 C:\xampp\htdocs\pasazade\system\BaseModel.php(610): CodeIgniter\Model->doFind(false, NULL)
#5 C:\xampp\htdocs\pasazade\app\Controllers\Anasayfa.php(44): CodeIgniter\BaseModel->find()
#6 C:\xampp\htdocs\pasazade\system\CodeIgniter.php(933): App\Controllers\Anasayfa->login()
#7 C:\xampp\htdocs\pasazade\system\CodeIgniter.php(509): CodeIgniter\CodeIgniter->runController(Object(App\Controllers\Anasayfa))
#8 C:\xampp\htdocs\pasazade\system\CodeIgniter.php(355): CodeIgniter\CodeIgniter->handleRequest(NULL, Object(Config\Cache), false)
#9 C:\xampp\htdocs\pasazade\system\Boot.php(325): CodeIgniter\CodeIgniter->run()
#10 C:\xampp\htdocs\pasazade\system\Boot.php(67): CodeIgniter\Boot::runCodeIgniter(Object(CodeIgniter\CodeIgniter))
#11 C:\xampp\htdocs\pasazade\public\index.php(56): CodeIgniter\Boot::bootWeb(Object(Config\Paths))
#12 {main}
CRITICAL - 2025-01-02 23:02:44 --> CodeIgniter\Database\Exceptions\DatabaseException: Unable to connect to the database.
Main connection [MySQLi]: Hedef makine etkin olarak reddettiinden balant kurulamad
[Method: POST, Route: login]
in SYSTEMPATH\Database\BaseConnection.php on line 467.
 1 SYSTEMPATH\Database\BaseConnection.php(616): CodeIgniter\Database\BaseConnection->initialize()
 2 SYSTEMPATH\Database\BaseBuilder.php(1644): CodeIgniter\Database\BaseConnection->query('SELECT *
FROM `kullanicilar`
WHERE `kulad` = :kulad:
AND `sifre` = :sifre:', [...], false)
 3 SYSTEMPATH\Model.php(213): CodeIgniter\Database\BaseBuilder->get()
 4 SYSTEMPATH\BaseModel.php(610): CodeIgniter\Model->doFind(false, null)
 5 APPPATH\Controllers\Anasayfa.php(44): CodeIgniter\BaseModel->find()
 6 SYSTEMPATH\CodeIgniter.php(933): App\Controllers\Anasayfa->login()
 7 SYSTEMPATH\CodeIgniter.php(509): CodeIgniter\CodeIgniter->runController(Object(App\Controllers\Anasayfa))
 8 SYSTEMPATH\CodeIgniter.php(355): CodeIgniter\CodeIgniter->handleRequest(null, Object(Config\Cache), false)
 9 SYSTEMPATH\Boot.php(325): CodeIgniter\CodeIgniter->run()
10 SYSTEMPATH\Boot.php(67): CodeIgniter\Boot::runCodeIgniter(Object(CodeIgniter\CodeIgniter))
11 FCPATH\index.php(56): CodeIgniter\Boot::bootWeb(Object(Config\Paths))
ERROR - 2025-01-02 23:02:48 --> Error connecting to the database: mysqli_sql_exception: Hedef makine etkin olarak reddettiinden balant kurulamad in C:\xampp\htdocs\pasazade\system\Database\MySQLi\Connection.php:186
Stack trace:
#0 C:\xampp\htdocs\pasazade\system\Database\MySQLi\Connection.php(186): mysqli->real_connect('localhost', 'root', Object(SensitiveParameterValue), 'pasa', 3306, '', 0)
#1 C:\xampp\htdocs\pasazade\system\Database\BaseConnection.php(421): CodeIgniter\Database\MySQLi\Connection->connect(false)
#2 C:\xampp\htdocs\pasazade\system\Database\BaseConnection.php(616): CodeIgniter\Database\BaseConnection->initialize()
#3 C:\xampp\htdocs\pasazade\system\Database\BaseBuilder.php(1644): CodeIgniter\Database\BaseConnection->query('SELECT *\nFROM `...', Array, false)
#4 C:\xampp\htdocs\pasazade\system\Model.php(213): CodeIgniter\Database\BaseBuilder->get()
#5 C:\xampp\htdocs\pasazade\system\BaseModel.php(610): CodeIgniter\Model->doFind(false, NULL)
#6 C:\xampp\htdocs\pasazade\app\Controllers\Anasayfa.php(44): CodeIgniter\BaseModel->find()
#7 C:\xampp\htdocs\pasazade\system\CodeIgniter.php(933): App\Controllers\Anasayfa->login()
#8 C:\xampp\htdocs\pasazade\system\CodeIgniter.php(509): CodeIgniter\CodeIgniter->runController(Object(App\Controllers\Anasayfa))
#9 C:\xampp\htdocs\pasazade\system\CodeIgniter.php(355): CodeIgniter\CodeIgniter->handleRequest(NULL, Object(Config\Cache), false)
#10 C:\xampp\htdocs\pasazade\system\Boot.php(325): CodeIgniter\CodeIgniter->run()
#11 C:\xampp\htdocs\pasazade\system\Boot.php(67): CodeIgniter\Boot::runCodeIgniter(Object(CodeIgniter\CodeIgniter))
#12 C:\xampp\htdocs\pasazade\public\index.php(56): CodeIgniter\Boot::bootWeb(Object(Config\Paths))
#13 {main}

Next CodeIgniter\Database\Exceptions\DatabaseException: Hedef makine etkin olarak reddettiinden balant kurulamad in C:\xampp\htdocs\pasazade\system\Database\MySQLi\Connection.php:231
Stack trace:
#0 C:\xampp\htdocs\pasazade\system\Database\BaseConnection.php(421): CodeIgniter\Database\MySQLi\Connection->connect(false)
#1 C:\xampp\htdocs\pasazade\system\Database\BaseConnection.php(616): CodeIgniter\Database\BaseConnection->initialize()
#2 C:\xampp\htdocs\pasazade\system\Database\BaseBuilder.php(1644): CodeIgniter\Database\BaseConnection->query('SELECT *\nFROM `...', Array, false)
#3 C:\xampp\htdocs\pasazade\system\Model.php(213): CodeIgniter\Database\BaseBuilder->get()
#4 C:\xampp\htdocs\pasazade\system\BaseModel.php(610): CodeIgniter\Model->doFind(false, NULL)
#5 C:\xampp\htdocs\pasazade\app\Controllers\Anasayfa.php(44): CodeIgniter\BaseModel->find()
#6 C:\xampp\htdocs\pasazade\system\CodeIgniter.php(933): App\Controllers\Anasayfa->login()
#7 C:\xampp\htdocs\pasazade\system\CodeIgniter.php(509): CodeIgniter\CodeIgniter->runController(Object(App\Controllers\Anasayfa))
#8 C:\xampp\htdocs\pasazade\system\CodeIgniter.php(355): CodeIgniter\CodeIgniter->handleRequest(NULL, Object(Config\Cache), false)
#9 C:\xampp\htdocs\pasazade\system\Boot.php(325): CodeIgniter\CodeIgniter->run()
#10 C:\xampp\htdocs\pasazade\system\Boot.php(67): CodeIgniter\Boot::runCodeIgniter(Object(CodeIgniter\CodeIgniter))
#11 C:\xampp\htdocs\pasazade\public\index.php(56): CodeIgniter\Boot::bootWeb(Object(Config\Paths))
#12 {main}
CRITICAL - 2025-01-02 23:02:48 --> CodeIgniter\Database\Exceptions\DatabaseException: Unable to connect to the database.
Main connection [MySQLi]: Hedef makine etkin olarak reddettiinden balant kurulamad
[Method: POST, Route: login]
in SYSTEMPATH\Database\BaseConnection.php on line 467.
 1 SYSTEMPATH\Database\BaseConnection.php(616): CodeIgniter\Database\BaseConnection->initialize()
 2 SYSTEMPATH\Database\BaseBuilder.php(1644): CodeIgniter\Database\BaseConnection->query('SELECT *
FROM `kullanicilar`
WHERE `kulad` = :kulad:
AND `sifre` = :sifre:', [...], false)
 3 SYSTEMPATH\Model.php(213): CodeIgniter\Database\BaseBuilder->get()
 4 SYSTEMPATH\BaseModel.php(610): CodeIgniter\Model->doFind(false, null)
 5 APPPATH\Controllers\Anasayfa.php(44): CodeIgniter\BaseModel->find()
 6 SYSTEMPATH\CodeIgniter.php(933): App\Controllers\Anasayfa->login()
 7 SYSTEMPATH\CodeIgniter.php(509): CodeIgniter\CodeIgniter->runController(Object(App\Controllers\Anasayfa))
 8 SYSTEMPATH\CodeIgniter.php(355): CodeIgniter\CodeIgniter->handleRequest(null, Object(Config\Cache), false)
 9 SYSTEMPATH\Boot.php(325): CodeIgniter\CodeIgniter->run()
10 SYSTEMPATH\Boot.php(67): CodeIgniter\Boot::runCodeIgniter(Object(CodeIgniter\CodeIgniter))
11 FCPATH\index.php(56): CodeIgniter\Boot::bootWeb(Object(Config\Paths))
ERROR - 2025-01-02 23:02:52 --> Error connecting to the database: mysqli_sql_exception: Hedef makine etkin olarak reddettiinden balant kurulamad in C:\xampp\htdocs\pasazade\system\Database\MySQLi\Connection.php:186
Stack trace:
#0 C:\xampp\htdocs\pasazade\system\Database\MySQLi\Connection.php(186): mysqli->real_connect('localhost', 'root', Object(SensitiveParameterValue), 'pasa', 3306, '', 0)
#1 C:\xampp\htdocs\pasazade\system\Database\BaseConnection.php(421): CodeIgniter\Database\MySQLi\Connection->connect(false)
#2 C:\xampp\htdocs\pasazade\system\Database\BaseConnection.php(616): CodeIgniter\Database\BaseConnection->initialize()
#3 C:\xampp\htdocs\pasazade\system\Database\BaseBuilder.php(1644): CodeIgniter\Database\BaseConnection->query('SELECT *\nFROM `...', Array, false)
#4 C:\xampp\htdocs\pasazade\system\Model.php(213): CodeIgniter\Database\BaseBuilder->get()
#5 C:\xampp\htdocs\pasazade\system\BaseModel.php(610): CodeIgniter\Model->doFind(false, NULL)
#6 C:\xampp\htdocs\pasazade\app\Controllers\Anasayfa.php(44): CodeIgniter\BaseModel->find()
#7 C:\xampp\htdocs\pasazade\system\CodeIgniter.php(933): App\Controllers\Anasayfa->login()
#8 C:\xampp\htdocs\pasazade\system\CodeIgniter.php(509): CodeIgniter\CodeIgniter->runController(Object(App\Controllers\Anasayfa))
#9 C:\xampp\htdocs\pasazade\system\CodeIgniter.php(355): CodeIgniter\CodeIgniter->handleRequest(NULL, Object(Config\Cache), false)
#10 C:\xampp\htdocs\pasazade\system\Boot.php(325): CodeIgniter\CodeIgniter->run()
#11 C:\xampp\htdocs\pasazade\system\Boot.php(67): CodeIgniter\Boot::runCodeIgniter(Object(CodeIgniter\CodeIgniter))
#12 C:\xampp\htdocs\pasazade\public\index.php(56): CodeIgniter\Boot::bootWeb(Object(Config\Paths))
#13 {main}

Next CodeIgniter\Database\Exceptions\DatabaseException: Hedef makine etkin olarak reddettiinden balant kurulamad in C:\xampp\htdocs\pasazade\system\Database\MySQLi\Connection.php:231
Stack trace:
#0 C:\xampp\htdocs\pasazade\system\Database\BaseConnection.php(421): CodeIgniter\Database\MySQLi\Connection->connect(false)
#1 C:\xampp\htdocs\pasazade\system\Database\BaseConnection.php(616): CodeIgniter\Database\BaseConnection->initialize()
#2 C:\xampp\htdocs\pasazade\system\Database\BaseBuilder.php(1644): CodeIgniter\Database\BaseConnection->query('SELECT *\nFROM `...', Array, false)
#3 C:\xampp\htdocs\pasazade\system\Model.php(213): CodeIgniter\Database\BaseBuilder->get()
#4 C:\xampp\htdocs\pasazade\system\BaseModel.php(610): CodeIgniter\Model->doFind(false, NULL)
#5 C:\xampp\htdocs\pasazade\app\Controllers\Anasayfa.php(44): CodeIgniter\BaseModel->find()
#6 C:\xampp\htdocs\pasazade\system\CodeIgniter.php(933): App\Controllers\Anasayfa->login()
#7 C:\xampp\htdocs\pasazade\system\CodeIgniter.php(509): CodeIgniter\CodeIgniter->runController(Object(App\Controllers\Anasayfa))
#8 C:\xampp\htdocs\pasazade\system\CodeIgniter.php(355): CodeIgniter\CodeIgniter->handleRequest(NULL, Object(Config\Cache), false)
#9 C:\xampp\htdocs\pasazade\system\Boot.php(325): CodeIgniter\CodeIgniter->run()
#10 C:\xampp\htdocs\pasazade\system\Boot.php(67): CodeIgniter\Boot::runCodeIgniter(Object(CodeIgniter\CodeIgniter))
#11 C:\xampp\htdocs\pasazade\public\index.php(56): CodeIgniter\Boot::bootWeb(Object(Config\Paths))
#12 {main}
CRITICAL - 2025-01-02 23:02:52 --> CodeIgniter\Database\Exceptions\DatabaseException: Unable to connect to the database.
Main connection [MySQLi]: Hedef makine etkin olarak reddettiinden balant kurulamad
[Method: POST, Route: login]
in SYSTEMPATH\Database\BaseConnection.php on line 467.
 1 SYSTEMPATH\Database\BaseConnection.php(616): CodeIgniter\Database\BaseConnection->initialize()
 2 SYSTEMPATH\Database\BaseBuilder.php(1644): CodeIgniter\Database\BaseConnection->query('SELECT *
FROM `kullanicilar`
WHERE `kulad` = :kulad:
AND `sifre` = :sifre:', [...], false)
 3 SYSTEMPATH\Model.php(213): CodeIgniter\Database\BaseBuilder->get()
 4 SYSTEMPATH\BaseModel.php(610): CodeIgniter\Model->doFind(false, null)
 5 APPPATH\Controllers\Anasayfa.php(44): CodeIgniter\BaseModel->find()
 6 SYSTEMPATH\CodeIgniter.php(933): App\Controllers\Anasayfa->login()
 7 SYSTEMPATH\CodeIgniter.php(509): CodeIgniter\CodeIgniter->runController(Object(App\Controllers\Anasayfa))
 8 SYSTEMPATH\CodeIgniter.php(355): CodeIgniter\CodeIgniter->handleRequest(null, Object(Config\Cache), false)
 9 SYSTEMPATH\Boot.php(325): CodeIgniter\CodeIgniter->run()
10 SYSTEMPATH\Boot.php(67): CodeIgniter\Boot::runCodeIgniter(Object(CodeIgniter\CodeIgniter))
11 FCPATH\index.php(56): CodeIgniter\Boot::bootWeb(Object(Config\Paths))
