CRITICAL - 2025-01-05 19:18:09 --> ErrorException: require(vendor/autoload.php): Failed to open stream: No such file or directory
[Method: GET, Route: iletisim_liste]
in APPPATH\Views\sayfalar\iletisim_liste.php on line 6.
 1 APPPATH\Views\sayfalar\iletisim_liste.php(6): CodeIgniter\Debug\Exceptions->errorHandler(2, 'require(vendor/autoload.php): Failed to open stream: No such file or directory', 'C:\\xampp\\htdocs\\pasazade\\app\\Views\\sayfalar\\iletisim_liste.php', 6)
 2 APPPATH\Views\sayfalar\iletisim_liste.php(6): require()
 3 SYSTEMPATH\View\View.php(234): include('C:\\xampp\\htdocs\\pasazade\\app\\Views\\sayfalar\\iletisim_liste.php')
 4 SYSTEMPATH\View\View.php(237): CodeIgniter\View\View->CodeIgniter\View\{closure}()
 5 SYSTEMPATH\Common.php(1171): CodeIgniter\View\View->render('sayfalar/iletisim_liste', [], true)
 6 APPPATH\Controllers\Anasayfa.php(100): view('sayfalar/iletisim_liste')
 7 SYSTEMPATH\CodeIgniter.php(933): App\Controllers\Anasayfa->iletisim_liste()
 8 SYSTEMPATH\CodeIgniter.php(509): CodeIgniter\CodeIgniter->runController(Object(App\Controllers\Anasayfa))
 9 SYSTEMPATH\CodeIgniter.php(355): CodeIgniter\CodeIgniter->handleRequest(null, Object(Config\Cache), false)
10 SYSTEMPATH\Boot.php(325): CodeIgniter\CodeIgniter->run()
11 SYSTEMPATH\Boot.php(67): CodeIgniter\Boot::runCodeIgniter(Object(CodeIgniter\CodeIgniter))
12 FCPATH\index.php(56): CodeIgniter\Boot::bootWeb(Object(Config\Paths))
CRITICAL - 2025-01-05 19:49:01 --> ErrorException: require(vendor/autoload.php): Failed to open stream: No such file or directory
[Method: GET, Route: iletisim_liste]
in APPPATH\Views\sayfalar\iletisim_liste.php on line 6.
 1 APPPATH\Views\sayfalar\iletisim_liste.php(6): CodeIgniter\Debug\Exceptions->errorHandler(2, 'require(vendor/autoload.php): Failed to open stream: No such file or directory', 'C:\\xampp\\htdocs\\pasazade\\app\\Views\\sayfalar\\iletisim_liste.php', 6)
 2 APPPATH\Views\sayfalar\iletisim_liste.php(6): require()
 3 SYSTEMPATH\View\View.php(234): include('C:\\xampp\\htdocs\\pasazade\\app\\Views\\sayfalar\\iletisim_liste.php')
 4 SYSTEMPATH\View\View.php(237): CodeIgniter\View\View->CodeIgniter\View\{closure}()
 5 SYSTEMPATH\Common.php(1171): CodeIgniter\View\View->render('sayfalar/iletisim_liste', [], true)
 6 APPPATH\Controllers\Anasayfa.php(100): view('sayfalar/iletisim_liste')
 7 SYSTEMPATH\CodeIgniter.php(933): App\Controllers\Anasayfa->iletisim_liste()
 8 SYSTEMPATH\CodeIgniter.php(509): CodeIgniter\CodeIgniter->runController(Object(App\Controllers\Anasayfa))
 9 SYSTEMPATH\CodeIgniter.php(355): CodeIgniter\CodeIgniter->handleRequest(null, Object(Config\Cache), false)
10 SYSTEMPATH\Boot.php(325): CodeIgniter\CodeIgniter->run()
11 SYSTEMPATH\Boot.php(67): CodeIgniter\Boot::runCodeIgniter(Object(CodeIgniter\CodeIgniter))
12 FCPATH\index.php(56): CodeIgniter\Boot::bootWeb(Object(Config\Paths))
CRITICAL - 2025-01-05 20:26:32 --> ErrorException: require(vendor/autoload.php): Failed to open stream: No such file or directory
[Method: GET, Route: iletisim_liste]
in APPPATH\Views\sayfalar\iletisim_liste.php on line 6.
 1 APPPATH\Views\sayfalar\iletisim_liste.php(6): CodeIgniter\Debug\Exceptions->errorHandler(2, 'require(vendor/autoload.php): Failed to open stream: No such file or directory', 'C:\\xampp\\htdocs\\pasazade\\app\\Views\\sayfalar\\iletisim_liste.php', 6)
 2 APPPATH\Views\sayfalar\iletisim_liste.php(6): require()
 3 SYSTEMPATH\View\View.php(234): include('C:\\xampp\\htdocs\\pasazade\\app\\Views\\sayfalar\\iletisim_liste.php')
 4 SYSTEMPATH\View\View.php(237): CodeIgniter\View\View->CodeIgniter\View\{closure}()
 5 SYSTEMPATH\Common.php(1171): CodeIgniter\View\View->render('sayfalar/iletisim_liste', [], true)
 6 APPPATH\Controllers\Anasayfa.php(100): view('sayfalar/iletisim_liste')
 7 SYSTEMPATH\CodeIgniter.php(933): App\Controllers\Anasayfa->iletisim_liste()
 8 SYSTEMPATH\CodeIgniter.php(509): CodeIgniter\CodeIgniter->runController(Object(App\Controllers\Anasayfa))
 9 SYSTEMPATH\CodeIgniter.php(355): CodeIgniter\CodeIgniter->handleRequest(null, Object(Config\Cache), false)
10 SYSTEMPATH\Boot.php(325): CodeIgniter\CodeIgniter->run()
11 SYSTEMPATH\Boot.php(67): CodeIgniter\Boot::runCodeIgniter(Object(CodeIgniter\CodeIgniter))
12 FCPATH\index.php(56): CodeIgniter\Boot::bootWeb(Object(Config\Paths))
CRITICAL - 2025-01-05 20:26:34 --> ErrorException: require(vendor/autoload.php): Failed to open stream: No such file or directory
[Method: GET, Route: iletisim_liste]
in APPPATH\Views\sayfalar\iletisim_liste.php on line 6.
 1 APPPATH\Views\sayfalar\iletisim_liste.php(6): CodeIgniter\Debug\Exceptions->errorHandler(2, 'require(vendor/autoload.php): Failed to open stream: No such file or directory', 'C:\\xampp\\htdocs\\pasazade\\app\\Views\\sayfalar\\iletisim_liste.php', 6)
 2 APPPATH\Views\sayfalar\iletisim_liste.php(6): require()
 3 SYSTEMPATH\View\View.php(234): include('C:\\xampp\\htdocs\\pasazade\\app\\Views\\sayfalar\\iletisim_liste.php')
 4 SYSTEMPATH\View\View.php(237): CodeIgniter\View\View->CodeIgniter\View\{closure}()
 5 SYSTEMPATH\Common.php(1171): CodeIgniter\View\View->render('sayfalar/iletisim_liste', [], true)
 6 APPPATH\Controllers\Anasayfa.php(100): view('sayfalar/iletisim_liste')
 7 SYSTEMPATH\CodeIgniter.php(933): App\Controllers\Anasayfa->iletisim_liste()
 8 SYSTEMPATH\CodeIgniter.php(509): CodeIgniter\CodeIgniter->runController(Object(App\Controllers\Anasayfa))
 9 SYSTEMPATH\CodeIgniter.php(355): CodeIgniter\CodeIgniter->handleRequest(null, Object(Config\Cache), false)
10 SYSTEMPATH\Boot.php(325): CodeIgniter\CodeIgniter->run()
11 SYSTEMPATH\Boot.php(67): CodeIgniter\Boot::runCodeIgniter(Object(CodeIgniter\CodeIgniter))
12 FCPATH\index.php(56): CodeIgniter\Boot::bootWeb(Object(Config\Paths))
CRITICAL - 2025-01-05 20:33:42 --> ErrorException: require(vendor/autoload.php): Failed to open stream: No such file or directory
[Method: GET, Route: iletisim_liste]
in APPPATH\Views\sayfalar\iletisim_liste.php on line 6.
 1 APPPATH\Views\sayfalar\iletisim_liste.php(6): CodeIgniter\Debug\Exceptions->errorHandler(2, 'require(vendor/autoload.php): Failed to open stream: No such file or directory', 'C:\\xampp\\htdocs\\pasazade\\app\\Views\\sayfalar\\iletisim_liste.php', 6)
 2 APPPATH\Views\sayfalar\iletisim_liste.php(6): require()
 3 SYSTEMPATH\View\View.php(234): include('C:\\xampp\\htdocs\\pasazade\\app\\Views\\sayfalar\\iletisim_liste.php')
 4 SYSTEMPATH\View\View.php(237): CodeIgniter\View\View->CodeIgniter\View\{closure}()
 5 SYSTEMPATH\Common.php(1171): CodeIgniter\View\View->render('sayfalar/iletisim_liste', [], true)
 6 APPPATH\Controllers\Anasayfa.php(100): view('sayfalar/iletisim_liste')
 7 SYSTEMPATH\CodeIgniter.php(933): App\Controllers\Anasayfa->iletisim_liste()
 8 SYSTEMPATH\CodeIgniter.php(509): CodeIgniter\CodeIgniter->runController(Object(App\Controllers\Anasayfa))
 9 SYSTEMPATH\CodeIgniter.php(355): CodeIgniter\CodeIgniter->handleRequest(null, Object(Config\Cache), false)
10 SYSTEMPATH\Boot.php(325): CodeIgniter\CodeIgniter->run()
11 SYSTEMPATH\Boot.php(67): CodeIgniter\Boot::runCodeIgniter(Object(CodeIgniter\CodeIgniter))
12 FCPATH\index.php(56): CodeIgniter\Boot::bootWeb(Object(Config\Paths))
